2025-05-06 08:02:10.826477 INFO::Writing function arguments to log file
2025-05-06 08:02:10.827618 DEBUG::Function arguments
2025-05-06 08:02:10.827991 DEBUG::Output folder: /home/julianne/Documents/pdbehavior/Analysis_Files/ASO/Microbiome/differential_taxa/L2_Jejunum_Maaslin2_Genotype
2025-05-06 08:02:10.828276 DEBUG::Min Abundance: 0.000000
2025-05-06 08:02:10.828543 DEBUG::Min Prevalence: 0.150000
2025-05-06 08:02:10.828798 DEBUG::Normalization: TSS
2025-05-06 08:02:10.829049 DEBUG::Transform: LOG
2025-05-06 08:02:10.829376 DEBUG::Analysis method: LM
2025-05-06 08:02:10.829768 DEBUG::Max significance: 0.250000
2025-05-06 08:02:10.830249 DEBUG::Random effects:
2025-05-06 08:02:10.830888 DEBUG::Fixed effects: Genotype
2025-05-06 08:02:10.831428 DEBUG::Correction method: BH
2025-05-06 08:02:10.831815 DEBUG::Standardize: TRUE
2025-05-06 08:02:10.832117 DEBUG::Cores: 1
2025-05-06 08:02:10.832371 INFO::Verifying options selected are valid
2025-05-06 08:02:10.833397 INFO::Determining format of input files
2025-05-06 08:02:10.834254 INFO::Input format is data samples as columns and metadata samples as rows
2025-05-06 08:02:10.835291 DEBUG::Transformed data so samples are rows
2025-05-06 08:02:10.835735 DEBUG::A total of 33 samples were found in both the data and metadata
2025-05-06 08:02:10.836012 DEBUG::Reordering data/metadata to use same sample ordering
2025-05-06 08:02:10.836599 INFO::Formula for fixed effects: expr ~  Genotype
2025-05-06 08:02:10.837761 INFO::Factor detected for categorial metadata 'Genotype'. Provide a reference argument or manually set factor ordering to change reference level.
2025-05-06 08:02:10.839195 INFO::Filter data based on min abundance and min prevalence
2025-05-06 08:02:10.840666 INFO::Total samples in data: 33
2025-05-06 08:02:10.84208 INFO::Min samples required with min abundance for a feature not to be filtered: 4.950000
2025-05-06 08:02:10.843987 INFO::Total filtered features: 3
2025-05-06 08:02:10.845533 INFO::Filtered feature names from abundance and prevalence filtering: k__.p__, k__Bacteria.p__, k__Bacteria.p__Patescibacteria
2025-05-06 08:02:10.852198 INFO::Total filtered features with variance filtering: 0
2025-05-06 08:02:10.85376 INFO::Filtered feature names from variance filtering:
2025-05-06 08:02:10.867768 INFO::Running selected normalization method: TSS
2025-05-06 08:02:10.870233 INFO::Applying z-score to standardize continuous metadata
2025-05-06 08:02:10.87975 INFO::Running selected transform method: LOG
2025-05-06 08:02:10.881962 INFO::Running selected analysis method: LM
2025-05-06 08:02:10.884507 INFO::Fitting model to feature number 1, k__Bacteria.p__Bacillota
2025-05-06 08:02:10.904303 INFO::Fitting model to feature number 2, k__Bacteria.p__Bacteroidota
2025-05-06 08:02:10.914875 INFO::Fitting model to feature number 3, k__Bacteria.p__Thermodesulfobacteriota
2025-05-06 08:02:10.918855 INFO::Fitting model to feature number 4, k__Bacteria.p__Verrucomicrobiota
2025-05-06 08:02:10.922807 INFO::Fitting model to feature number 5, k__Bacteria.p__Pseudomonadota
2025-05-06 08:02:10.927746 INFO::Fitting model to feature number 6, k__Bacteria.p__Actinomycetota
2025-05-06 08:02:10.931583 INFO::Fitting model to feature number 7, k__Bacteria.p__Cyanobacteriota
2025-05-06 08:02:10.93907 INFO::Counting total values for each feature
2025-05-06 08:02:10.941512 INFO::Writing filtered data to file /home/julianne/Documents/pdbehavior/Analysis_Files/ASO/Microbiome/differential_taxa/L2_Jejunum_Maaslin2_Genotype/features/filtered_data.tsv
2025-05-06 08:02:10.944061 INFO::Writing filtered, normalized data to file /home/julianne/Documents/pdbehavior/Analysis_Files/ASO/Microbiome/differential_taxa/L2_Jejunum_Maaslin2_Genotype/features/filtered_data_norm.tsv
2025-05-06 08:02:10.946144 INFO::Writing filtered, normalized, transformed data to file /home/julianne/Documents/pdbehavior/Analysis_Files/ASO/Microbiome/differential_taxa/L2_Jejunum_Maaslin2_Genotype/features/filtered_data_norm_transformed.tsv
2025-05-06 08:02:10.948317 INFO::Writing residuals to file /home/julianne/Documents/pdbehavior/Analysis_Files/ASO/Microbiome/differential_taxa/L2_Jejunum_Maaslin2_Genotype/fits/residuals.rds
2025-05-06 08:02:10.950124 INFO::Writing fitted values to file /home/julianne/Documents/pdbehavior/Analysis_Files/ASO/Microbiome/differential_taxa/L2_Jejunum_Maaslin2_Genotype/fits/fitted.rds
2025-05-06 08:02:10.951555 INFO::Writing all results to file (ordered by increasing q-values): /home/julianne/Documents/pdbehavior/Analysis_Files/ASO/Microbiome/differential_taxa/L2_Jejunum_Maaslin2_Genotype/all_results.tsv
2025-05-06 08:02:10.953188 INFO::Writing the significant results (those which are less than or equal to the threshold of 0.250000 ) to file (ordered by increasing q-values): /home/julianne/Documents/pdbehavior/Analysis_Files/ASO/Microbiome/differential_taxa/L2_Jejunum_Maaslin2_Genotype/significant_results.tsv
