2025-06-14 16:18:33.426739 INFO::Writing function arguments to log file
2025-06-14 16:18:33.430489 DEBUG::Function arguments
2025-06-14 16:18:33.431181 DEBUG::Output folder: /home/julianne/Documents/pdbehavior/results/ASO/differential_taxa/L6_Colon_Maaslin2_Genotype
2025-06-14 16:18:33.43206 DEBUG::Min Abundance: 0.000000
2025-06-14 16:18:33.432982 DEBUG::Min Prevalence: 0.150000
2025-06-14 16:18:33.433619 DEBUG::Normalization: TSS
2025-06-14 16:18:33.43434 DEBUG::Transform: LOG
2025-06-14 16:18:33.435544 DEBUG::Analysis method: LM
2025-06-14 16:18:33.436475 DEBUG::Max significance: 0.250000
2025-06-14 16:18:33.437121 DEBUG::Random effects:
2025-06-14 16:18:33.437694 DEBUG::Fixed effects: Genotype
2025-06-14 16:18:33.438728 DEBUG::Correction method: BH
2025-06-14 16:18:33.43946 DEBUG::Standardize: TRUE
2025-06-14 16:18:33.440016 DEBUG::Cores: 1
2025-06-14 16:18:33.440466 INFO::Verifying options selected are valid
2025-06-14 16:18:33.442202 INFO::Determining format of input files
2025-06-14 16:18:33.443971 INFO::Input format is data samples as columns and metadata samples as rows
2025-06-14 16:18:33.445922 DEBUG::Transformed data so samples are rows
2025-06-14 16:18:33.44724 DEBUG::A total of 32 samples were found in both the data and metadata
2025-06-14 16:18:33.447782 DEBUG::Reordering data/metadata to use same sample ordering
2025-06-14 16:18:33.449985 INFO::Formula for fixed effects: expr ~  Genotype
2025-06-14 16:18:33.451106 INFO::Factor detected for categorial metadata 'Genotype'. Provide a reference argument or manually set factor ordering to change reference level.
2025-06-14 16:18:33.45232 INFO::Filter data based on min abundance and min prevalence
2025-06-14 16:18:33.453826 INFO::Total samples in data: 32
2025-06-14 16:18:33.455236 INFO::Min samples required with min abundance for a feature not to be filtered: 4.800000
2025-06-14 16:18:33.458438 INFO::Total filtered features: 57
2025-06-14 16:18:33.459566 INFO::Filtered feature names from abundance and prevalence filtering: k__Bacteria.p__Bacillota.c__Bacilli.o__Staphylococcales.f__Staphylococcaceae.g__Mammaliicoccus, k__Bacteria.p__Bacillota.c__Bacilli.o__Lactobacillales.f__Lactobacillaceae.g__Limosilactobacillus, k__Bacteria.p__Bacillota.c__Bacilli.o__Lactobacillales.f__Streptococcaceae.g__Streptococcus, k__Bacteria.p__Actinomycetota.c__Actinobacteria.o__Mycobacteriales.f__Corynebacteriaceae.g__Corynebacterium, k__Bacteria.p__Bacillota.c__Bacilli.o__Staphylococcales.f__Staphylococcaceae.g__Staphylococcus, k__Bacteria.p__Bacillota.c__Bacilli.o__Staphylococcales.f__Staphylococcaceae.g__Jeotgalicoccus, k__Bacteria.p__Pseudomonadota.c__Gammaproteobacteria.o__Enterobacterales.f__Enterobacteriaceae.g__Escherichia.Shigella, k__Bacteria.p__Bacillota.c__Clostridia.o__Lachnospirales.f__Lachnospiraceae.g__Blautia, k__Bacteria.p__Bacillota.c__Bacilli.o__Lactobacillales.f__Aerococcaceae.g__Aerococcus, k__Bacteria.p__Bacillota.c__Bacilli.o__Erysipelotrichales.f__Erysipelotrichaceae.g__Culicoidibacter, k__Bacteria.p__Bacillota.c__Bacilli.o__Lactobacillales.f__Enterococcaceae.g__Enterococcus, k__Bacteria.p__Actinomycetota.c__Coriobacteriia.o__Coriobacteriales.f__Eggerthellaceae.g__Gordonibacter, k__Bacteria.p__Bacillota.c__Clostridia.o__Oscillospirales.f__Ruminococcaceae.g__.Eubacterium..siraeum.group, k__Bacteria.p__Bacillota.c__Clostridia.o__Oscillospirales.f__Oscillospiraceae.g__UCG.003, k__Bacteria.p__Cyanobacteriota.c__Vampirivibrionia.o__Gastranaerophilales.f__Gastranaerophilaceae.g__Zag_111, k__Bacteria.p__Bacillota.c__Clostridia.o__Peptostreptococcales.Tissierellales.f__Anaerovoracaceae.g__.Eubacterium..brachy.group, k__Bacteria.p__Bacillota.c__Clostridia.o__Peptococcales.f__Peptococcaceae.g__Peptococcus, k__Bacteria.p__Bacillota.c__Bacilli.o__Erysipelotrichales.f__Erysipelatoclostridiaceae.g__, k__Bacteria.p__Pseudomonadota.c__Alphaproteobacteria.o__Rhodospirillales.f__.g__, k__Bacteria.p__Bacillota.c__Clostridia.o__Oscillospirales.f__Oscillospiraceae.g__NK4A214.group, k__Bacteria.p__Bacillota.c__Clostridia.o__Lachnospirales.f__Lachnospiraceae.g__Acetatifactor, k__Bacteria.p__Pseudomonadota.c__Alphaproteobacteria.o__Rickettsiales.f__Mitochondria.g__, k__Bacteria.p__Bacillota.c__Clostridia.o__Oscillospirales.f__Ruminococcaceae.g__Ruthenibacterium, k__Bacteria.p__Pseudomonadota.c__Gammaproteobacteria.o__Enterobacterales.f__Pasteurellaceae.g__Muribacter, k__Bacteria.p__Bacillota.c__Clostridia.o__Oscillospirales.f__Ruminococcaceae.g__Anaerotruncus, k__Bacteria.p__Pseudomonadota.c__Gammaproteobacteria.o__Pseudomonadales.f__Moraxellaceae.g__Acinetobacter, k__Bacteria.p__Pseudomonadota.c__Gammaproteobacteria.o__Pseudomonadales.f__Pseudomonadaceae.g__Pseudomonas, k__Bacteria.p__Bacillota.c__Clostridia.o__Christensenellales.f__Christensenellaceae.g__, k__Bacteria.p__Bacillota.c__Clostridia.o__Oscillospirales.f__Oscillospiraceae.g__Oscillospira, k__.p__.c__.o__.f__.g__, k__Bacteria.p__Bacillota.c__Bacilli.o__Lactobacillales.f__.g__, k__Bacteria.p__Pseudomonadota.c__Gammaproteobacteria.o__Lysobacterales.f__Lysobacteraceae.g__Xanthomonas, k__Bacteria.p__Bacillota.c__Clostridia.o__Peptostreptococcales.Tissierellales.f__Anaerovoracaceae.g__, k__Bacteria.p__Bacillota.c__Clostridia.o__Oscillospirales.f__Oscillospiraceae.g__UCG.005, k__Bacteria.p__.c__.o__.f__.g__, k__Bacteria.p__Pseudomonadota.c__Gammaproteobacteria.o__Burkholderiales.f__Sutterellaceae.g__Parasutterella, k__Bacteria.p__Bacillota.c__Clostridia.o__Lachnospirales.f__Defluviitaleaceae.g__Defluviitaleaceae.UCG.011, k__Bacteria.p__Bacillota.c__Clostridia.o__Peptostreptococcales.Tissierellales.f__Peptostreptococcaceae.g__Peptostreptococcus, k__Bacteria.p__Cyanobacteriota.c__Cyanobacteriia.o__Chloroplast.f__.g__, k__Bacteria.p__Pseudomonadota.c__Gammaproteobacteria.o__Enterobacterales.f__Erwiniaceae.g__Pantoea, k__Bacteria.p__Bacillota.c__Clostridia.o__Oscillospirales.f__Butyricicoccaceae.g__UCG.009, k__Bacteria.p__Actinomycetota.c__Coriobacteriia.o__Coriobacteriales.f__Eggerthellaceae.g__, k__Bacteria.p__Bacillota.c__Clostridia.o__Lachnospirales.f__Lachnospiraceae.g__Lachnospiraceae.UCG.010, k__Bacteria.p__Pseudomonadota.c__Gammaproteobacteria.o__Burkholderiales.f__Oxalobacteraceae.g__Herminiimonas, k__Bacteria.p__Pseudomonadota.c__Gammaproteobacteria.o__Burkholderiales.f__Comamonadaceae.g__Delftia, k__Bacteria.p__Pseudomonadota.c__Alphaproteobacteria.o__Hyphomicrobiales.f__Rhizobiaceae.g__Agrobacterium, k__Bacteria.p__Bacillota.c__Bacilli.o__.f__.g__, k__Bacteria.p__Bacillota.c__Clostridia.o__Peptostreptococcales.Tissierellales.f__Peptostreptococcaceae.g__Romboutsia, k__Bacteria.p__Bacillota.c__Clostridia.o__.f__.g__, k__Bacteria.p__Pseudomonadota.c__Alphaproteobacteria.o__Hyphomicrobiales.f__Xanthobacteraceae.g__Bradyrhizobium, k__Bacteria.p__Bacillota.c__Bacilli.o__Lactobacillales.f__Lactobacillaceae.g__, k__Bacteria.p__Pseudomonadota.c__Alphaproteobacteria.o__Caulobacterales.f__Caulobacteraceae.g__Brevundimonas, k__Bacteria.p__Bacillota.c__Bacilli.o__Lactobacillales.f__Lactobacillaceae.g__Leuconostoc, k__Bacteria.p__Actinomycetota.c__Actinobacteria.o__Mycobacteriales.f__.g__, k__Bacteria.p__Bacillota.c__Bacilli.o__Lactobacillales.f__Enterococcaceae.g__, k__Bacteria.p__Patescibacteria.c__Saccharimonadia.o__Saccharimonadales.f__Saccharimonadaceae.g__Candidatus.Saccharimonas, k__Bacteria.p__Bacteroidota.c__Bacteroidia.o__Bacteroidales.f__.g__
2025-06-14 16:18:33.462667 INFO::Total filtered features with variance filtering: 0
2025-06-14 16:18:33.464302 INFO::Filtered feature names from variance filtering:
2025-06-14 16:18:33.465604 INFO::Running selected normalization method: TSS
2025-06-14 16:18:33.46798 INFO::Applying z-score to standardize continuous metadata
2025-06-14 16:18:33.472113 INFO::Running selected transform method: LOG
2025-06-14 16:18:33.474885 INFO::Running selected analysis method: LM
2025-06-14 16:18:33.477006 INFO::Fitting model to feature number 1, k__Bacteria.p__Bacillota.c__Bacilli.o__Lactobacillales.f__Lactobacillaceae.g__Ligilactobacillus
2025-06-14 16:18:33.48175 INFO::Fitting model to feature number 2, k__Bacteria.p__Bacteroidota.c__Bacteroidia.o__Bacteroidales.f__Muribaculaceae.g__
2025-06-14 16:18:33.486999 INFO::Fitting model to feature number 3, k__Bacteria.p__Bacillota.c__Bacilli.o__Lactobacillales.f__Lactobacillaceae.g__HT002
2025-06-14 16:18:33.491439 INFO::Fitting model to feature number 4, k__Bacteria.p__Bacillota.c__Bacilli.o__Lactobacillales.f__Lactobacillaceae.g__Lactobacillus
2025-06-14 16:18:33.496473 INFO::Fitting model to feature number 5, k__Bacteria.p__Bacillota.c__Bacilli.o__Erysipelotrichales.f__Erysipelotrichaceae.g__Turicibacter
2025-06-14 16:18:33.501055 INFO::Fitting model to feature number 6, k__Bacteria.p__Bacillota.c__Bacilli.o__Erysipelotrichales.f__Erysipelotrichaceae.g__Faecalibaculum
2025-06-14 16:18:33.509817 INFO::Fitting model to feature number 7, k__Bacteria.p__Thermodesulfobacteriota.c__Desulfovibrionia.o__Desulfovibrionales.f__Desulfovibrionaceae.g__Desulfovibrio
2025-06-14 16:18:33.514264 INFO::Fitting model to feature number 8, k__Bacteria.p__Bacteroidota.c__Bacteroidia.o__Bacteroidales.f__Bacteroidaceae.g__Bacteroides
2025-06-14 16:18:33.519989 INFO::Fitting model to feature number 9, k__Bacteria.p__Bacillota.c__Clostridia.o__Lachnospirales.f__Lachnospiraceae.g__Lachnospiraceae.NK4A136.group
2025-06-14 16:18:33.525533 INFO::Fitting model to feature number 10, k__Bacteria.p__Bacteroidota.c__Bacteroidia.o__Bacteroidales.f__Muribaculaceae.g__Muribaculum
2025-06-14 16:18:33.531211 INFO::Fitting model to feature number 11, k__Bacteria.p__Verrucomicrobiota.c__Verrucomicrobiia.o__Verrucomicrobiales.f__Akkermansiaceae.g__Akkermansia
2025-06-14 16:18:33.53695 INFO::Fitting model to feature number 12, k__Bacteria.p__Bacillota.c__Clostridia.o__Lachnospirales.f__Lachnospiraceae.g__Lachnospiraceae.UCG.006
2025-06-14 16:18:33.542608 INFO::Fitting model to feature number 13, k__Bacteria.p__Bacillota.c__Clostridia.o__Lachnospirales.f__Lachnospiraceae.g__Lachnoclostridium
2025-06-14 16:18:33.547938 INFO::Fitting model to feature number 14, k__Bacteria.p__Bacillota.c__Clostridia.o__Lachnospirales.f__Lachnospiraceae.g__
2025-06-14 16:18:33.55702 INFO::Fitting model to feature number 15, k__Bacteria.p__Bacteroidota.c__Bacteroidia.o__Bacteroidales.f__Rikenellaceae.g__Alistipes
2025-06-14 16:18:33.561719 INFO::Fitting model to feature number 16, k__Bacteria.p__Pseudomonadota.c__Gammaproteobacteria.o__Burkholderiales.f__Sutterellaceae.g__Turicimonas
2025-06-14 16:18:33.566831 INFO::Fitting model to feature number 17, k__Bacteria.p__Bacillota.c__Clostridia.o__Lachnospirales.f__Lachnospiraceae.g__Marvinbryantia
2025-06-14 16:18:33.572068 INFO::Fitting model to feature number 18, k__Bacteria.p__Bacillota.c__Clostridia.o__Lachnospirales.f__Lachnospiraceae.g__A2
2025-06-14 16:18:33.577371 INFO::Fitting model to feature number 19, k__Bacteria.p__Bacteroidota.c__Bacteroidia.o__Bacteroidales.f__Prevotellaceae.g__Prevotellaceae.UCG.001
2025-06-14 16:18:33.582214 INFO::Fitting model to feature number 20, k__Bacteria.p__Bacillota.c__Clostridia.o__Lachnospirales.f__Lachnospiraceae.g__Roseburia
2025-06-14 16:18:33.587554 INFO::Fitting model to feature number 21, k__Bacteria.p__Actinomycetota.c__Coriobacteriia.o__Coriobacteriales.f__Atopobiaceae.g__Coriobacteriaceae.UCG.002
2025-06-14 16:18:33.592653 INFO::Fitting model to feature number 22, k__Bacteria.p__Bacillota.c__Bacilli.o__Acholeplasmatales.f__Acholeplasmataceae.g__Anaeroplasma
2025-06-14 16:18:33.597306 INFO::Fitting model to feature number 23, k__Bacteria.p__Bacillota.c__Clostridia.o__Lachnospirales.f__Lachnospiraceae.g__Extibacter
2025-06-14 16:18:33.602189 INFO::Fitting model to feature number 24, k__Bacteria.p__Bacillota.c__Clostridia.o__Lachnospirales.f__Lachnospiraceae.g__Butyribacter
2025-06-14 16:18:33.60773 INFO::Fitting model to feature number 25, k__Bacteria.p__Bacteroidota.c__Bacteroidia.o__Bacteroidales.f__Tannerellaceae.g__Parabacteroides
2025-06-14 16:18:33.613101 INFO::Fitting model to feature number 26, k__Bacteria.p__Actinomycetota.c__Actinobacteria.o__Bifidobacteriales.f__Bifidobacteriaceae.g__Bifidobacterium
2025-06-14 16:18:33.618051 INFO::Fitting model to feature number 27, k__Bacteria.p__Bacillota.c__Clostridia.o__Oscillospirales.f__.Eubacterium..coprostanoligenes.group.g__
2025-06-14 16:18:33.623309 INFO::Fitting model to feature number 28, k__Bacteria.p__Bacillota.c__Clostridia.o__Clostridia.UCG.014.f__.g__
2025-06-14 16:18:33.628684 INFO::Fitting model to feature number 29, k__Bacteria.p__Bacillota.c__Clostridia.o__Lachnospirales.f__Lachnospiraceae.g__Enterocloster
2025-06-14 16:18:33.634493 INFO::Fitting model to feature number 30, k__Bacteria.p__Bacillota.c__Clostridia.o__Lachnospirales.f__Lachnospiraceae.g__ASF356
2025-06-14 16:18:33.639293 INFO::Fitting model to feature number 31, k__Bacteria.p__Bacillota.c__Clostridia.o__Clostridiales.f__Clostridiaceae.g__Candidatus.Arthromitus
2025-06-14 16:18:33.645005 INFO::Fitting model to feature number 32, k__Bacteria.p__Bacillota.c__Clostridia.o__Lachnospirales.f__Lachnospiraceae.g__Lachnospiraceae.AC2044.group
2025-06-14 16:18:33.650503 INFO::Fitting model to feature number 33, k__Bacteria.p__Bacillota.c__Clostridia.o__Lachnospirales.f__Lachnospiraceae.g__Lachnospiraceae.FCS020.group
2025-06-14 16:18:33.656335 INFO::Fitting model to feature number 34, k__Bacteria.p__Bacillota.c__Clostridia.o__Lachnospirales.f__Lachnospiraceae.g__Faecalimonas
2025-06-14 16:18:33.660914 INFO::Fitting model to feature number 35, k__Bacteria.p__Bacteroidota.c__Bacteroidia.o__Bacteroidales.f__Rikenellaceae.g__Rikenella
2025-06-14 16:18:33.666387 INFO::Fitting model to feature number 36, k__Bacteria.p__Bacteroidota.c__Bacteroidia.o__Bacteroidales.f__Rikenellaceae.g__Rikenellaceae.RC9.gut.group
2025-06-14 16:18:33.671831 INFO::Fitting model to feature number 37, k__Bacteria.p__Thermodesulfobacteriota.c__Desulfovibrionia.o__Desulfovibrionales.f__Desulfovibrionaceae.g__Bilophila
2025-06-14 16:18:33.677872 INFO::Fitting model to feature number 38, k__Bacteria.p__Bacteroidota.c__Bacteroidia.o__Bacteroidales.f__Marinifilaceae.g__Odoribacter
2025-06-14 16:18:33.68318 INFO::Fitting model to feature number 39, k__Bacteria.p__Bacillota.c__Clostridia.o__Oscillospirales.f__Butyricicoccaceae.g__Agathobaculum
2025-06-14 16:18:33.688059 INFO::Fitting model to feature number 40, k__Bacteria.p__Actinomycetota.c__Coriobacteriia.o__Coriobacteriales.f__Eggerthellaceae.g__Adlercreutzia
2025-06-14 16:18:33.693444 INFO::Fitting model to feature number 41, k__Bacteria.p__Bacillota.c__Clostridia.o__Oscillospirales.f__Oscillospiraceae.g__Oscillibacter
2025-06-14 16:18:33.698219 INFO::Fitting model to feature number 42, k__Bacteria.p__Bacillota.c__Clostridia.o__Peptococcales.f__Peptococcaceae.g__
2025-06-14 16:18:33.702927 INFO::Fitting model to feature number 43, k__Bacteria.p__Bacillota.c__Clostridia.o__Lachnospirales.f__Lachnospiraceae.g__.Eubacterium..xylanophilum.group
2025-06-14 16:18:33.711339 INFO::Fitting model to feature number 44, k__Bacteria.p__Bacillota.c__Clostridia.o__Oscillospirales.f__Oscillospiraceae.g__Colidextribacter
2025-06-14 16:18:33.716256 INFO::Fitting model to feature number 45, k__Bacteria.p__Bacillota.c__Clostridia.o__Lachnospirales.f__Lachnospiraceae.g__Dorea
2025-06-14 16:18:33.722945 INFO::Fitting model to feature number 46, k__Bacteria.p__Bacillota.c__Bacilli.o__Erysipelotrichales.f__Erysipelatoclostridiaceae.g__Massiliomicrobiota
2025-06-14 16:18:33.735947 INFO::Fitting model to feature number 47, k__Bacteria.p__Bacillota.c__Clostridia.o__Oscillospirales.f__Ruminococcaceae.g__Ruminococcus
2025-06-14 16:18:33.74204 INFO::Fitting model to feature number 48, k__Bacteria.p__Bacillota.c__Clostridia.o__Oscillospirales.f__Ruminococcaceae.g__Acutalibacter
2025-06-14 16:18:33.747818 INFO::Fitting model to feature number 49, k__Bacteria.p__Bacillota.c__Clostridia.o__Lachnospirales.f__Lachnospiraceae.g__GCA.900066575
2025-06-14 16:18:33.755635 INFO::Fitting model to feature number 50, k__Bacteria.p__Bacillota.c__Clostridia.o__Clostridia.vadinBB60.group.f__.g__
2025-06-14 16:18:33.760003 INFO::Fitting model to feature number 51, k__Bacteria.p__Bacillota.c__Clostridia.o__Oscillospirales.f__Oscillospiraceae.g__
2025-06-14 16:18:33.765773 INFO::Fitting model to feature number 52, k__Bacteria.p__Bacillota.c__Clostridia.o__Oscillospirales.f__Oscillospiraceae.g__Intestinimonas
2025-06-14 16:18:33.770902 INFO::Fitting model to feature number 53, k__Bacteria.p__Bacillota.c__Clostridia.o__Lachnospirales.f__Lachnospiraceae.g__Lachnospiraceae.UCG.002
2025-06-14 16:18:33.776171 INFO::Fitting model to feature number 54, k__Bacteria.p__Bacillota.c__Bacilli.o__Erysipelotrichales.f__Erysipelatoclostridiaceae.g__Thomasclavelia
2025-06-14 16:18:33.781271 INFO::Fitting model to feature number 55, k__Bacteria.p__Bacillota.c__Clostridia.o__Oscillospirales.f__Ruminococcaceae.g__
2025-06-14 16:18:33.786608 INFO::Fitting model to feature number 56, k__Bacteria.p__Bacillota.c__Clostridia.o__Lachnospirales.f__Lachnospiraceae.g__Lachnospiraceae.UCG.004
2025-06-14 16:18:33.791508 INFO::Fitting model to feature number 57, k__Bacteria.p__Bacillota.c__Bacilli.o__Erysipelotrichales.f__Erysipelotrichaceae.g__
2025-06-14 16:18:33.79619 INFO::Fitting model to feature number 58, k__Bacteria.p__Bacillota.c__Clostridia.o__Peptostreptococcales.Tissierellales.f__Anaerovoracaceae.g__Family.XIII.UCG.001
2025-06-14 16:18:33.801015 INFO::Fitting model to feature number 59, k__Bacteria.p__Cyanobacteriota.c__Vampirivibrionia.o__Gastranaerophilales.f__Gastranaerophilaceae.g__
2025-06-14 16:18:33.805999 INFO::Fitting model to feature number 60, k__Bacteria.p__Bacillota.c__Clostridia.o__Oscillospirales.f__UCG.010.g__
2025-06-14 16:18:33.810192 INFO::Fitting model to feature number 61, k__Bacteria.p__Bacillota.c__Bacilli.o__RF39.f__.g__
2025-06-14 16:18:33.814559 INFO::Fitting model to feature number 62, k__Bacteria.p__Bacillota.c__Clostridia.o__Christensenellales.f__Christensenellaceae.g__Christensenellaceae.R.7.group
2025-06-14 16:18:33.818637 INFO::Fitting model to feature number 63, k__Bacteria.p__Bacillota.c__Clostridia.o__Monoglobales.f__Monoglobaceae.g__Monoglobus
2025-06-14 16:18:33.822488 INFO::Fitting model to feature number 64, k__Bacteria.p__Actinomycetota.c__Coriobacteriia.o__Coriobacteriales.f__Coriobacteriales.Incertae.Sedis.g__
2025-06-14 16:18:33.826466 INFO::Fitting model to feature number 65, k__Bacteria.p__Bacillota.c__Clostridia.o__Eubacteriales.f__Anaerofustaceae.g__Anaerofustis
2025-06-14 16:18:33.839499 INFO::Counting total values for each feature
2025-06-14 16:18:33.863529 INFO::Writing filtered data to file /home/julianne/Documents/pdbehavior/results/ASO/differential_taxa/L6_Colon_Maaslin2_Genotype/features/filtered_data.tsv
2025-06-14 16:18:33.866753 INFO::Writing filtered, normalized data to file /home/julianne/Documents/pdbehavior/results/ASO/differential_taxa/L6_Colon_Maaslin2_Genotype/features/filtered_data_norm.tsv
2025-06-14 16:18:33.871536 INFO::Writing filtered, normalized, transformed data to file /home/julianne/Documents/pdbehavior/results/ASO/differential_taxa/L6_Colon_Maaslin2_Genotype/features/filtered_data_norm_transformed.tsv
2025-06-14 16:18:33.876593 INFO::Writing residuals to file /home/julianne/Documents/pdbehavior/results/ASO/differential_taxa/L6_Colon_Maaslin2_Genotype/fits/residuals.rds
2025-06-14 16:18:33.879073 INFO::Writing fitted values to file /home/julianne/Documents/pdbehavior/results/ASO/differential_taxa/L6_Colon_Maaslin2_Genotype/fits/fitted.rds
2025-06-14 16:18:33.881461 INFO::Writing all results to file (ordered by increasing q-values): /home/julianne/Documents/pdbehavior/results/ASO/differential_taxa/L6_Colon_Maaslin2_Genotype/all_results.tsv
2025-06-14 16:18:33.885779 INFO::Writing the significant results (those which are less than or equal to the threshold of 0.250000 ) to file (ordered by increasing q-values): /home/julianne/Documents/pdbehavior/results/ASO/differential_taxa/L6_Colon_Maaslin2_Genotype/significant_results.tsv
