2025-05-06 08:02:12.489787 INFO::Writing function arguments to log file
2025-05-06 08:02:12.49104 DEBUG::Function arguments
2025-05-06 08:02:12.491456 DEBUG::Output folder: /home/julianne/Documents/pdbehavior/Analysis_Files/ASO/Microbiome/differential_taxa/L6_Cecum_Maaslin2_Genotype
2025-05-06 08:02:12.491781 DEBUG::Min Abundance: 0.000000
2025-05-06 08:02:12.492084 DEBUG::Min Prevalence: 0.150000
2025-05-06 08:02:12.492378 DEBUG::Normalization: TSS
2025-05-06 08:02:12.492682 DEBUG::Transform: LOG
2025-05-06 08:02:12.492957 DEBUG::Analysis method: LM
2025-05-06 08:02:12.493233 DEBUG::Max significance: 0.250000
2025-05-06 08:02:12.493505 DEBUG::Random effects:
2025-05-06 08:02:12.49378 DEBUG::Fixed effects: Genotype
2025-05-06 08:02:12.494079 DEBUG::Correction method: BH
2025-05-06 08:02:12.494362 DEBUG::Standardize: TRUE
2025-05-06 08:02:12.494698 DEBUG::Cores: 1
2025-05-06 08:02:12.494987 INFO::Verifying options selected are valid
2025-05-06 08:02:12.496187 INFO::Determining format of input files
2025-05-06 08:02:12.519879 INFO::Input format is data samples as columns and metadata samples as rows
2025-05-06 08:02:12.522617 DEBUG::Transformed data so samples are rows
2025-05-06 08:02:12.524101 DEBUG::A total of 34 samples were found in both the data and metadata
2025-05-06 08:02:12.52451 DEBUG::Reordering data/metadata to use same sample ordering
2025-05-06 08:02:12.526623 INFO::Formula for fixed effects: expr ~  Genotype
2025-05-06 08:02:12.528022 INFO::Factor detected for categorial metadata 'Genotype'. Provide a reference argument or manually set factor ordering to change reference level.
2025-05-06 08:02:12.529171 INFO::Filter data based on min abundance and min prevalence
2025-05-06 08:02:12.530541 INFO::Total samples in data: 34
2025-05-06 08:02:12.531843 INFO::Min samples required with min abundance for a feature not to be filtered: 5.100000
2025-05-06 08:02:12.535466 INFO::Total filtered features: 55
2025-05-06 08:02:12.537089 INFO::Filtered feature names from abundance and prevalence filtering: k__Bacteria.p__Bacillota.c__Bacilli.o__Staphylococcales.f__Staphylococcaceae.g__Mammaliicoccus, k__Bacteria.p__Bacteroidota.c__Bacteroidia.o__Bacteroidales.f__Prevotellaceae.g__Prevotellaceae.UCG.001, k__Bacteria.p__Bacillota.c__Bacilli.o__Lactobacillales.f__Lactobacillaceae.g__Limosilactobacillus, k__Bacteria.p__Bacillota.c__Bacilli.o__Lactobacillales.f__Streptococcaceae.g__Streptococcus, k__Bacteria.p__Actinomycetota.c__Actinobacteria.o__Mycobacteriales.f__Corynebacteriaceae.g__Corynebacterium, k__Bacteria.p__Bacillota.c__Bacilli.o__Staphylococcales.f__Staphylococcaceae.g__Staphylococcus, k__Bacteria.p__Bacillota.c__Bacilli.o__Staphylococcales.f__Staphylococcaceae.g__Jeotgalicoccus, k__Bacteria.p__Pseudomonadota.c__Gammaproteobacteria.o__Enterobacterales.f__Enterobacteriaceae.g__Escherichia.Shigella, k__Bacteria.p__Bacillota.c__Clostridia.o__Lachnospirales.f__Lachnospiraceae.g__Blautia, k__Bacteria.p__Bacillota.c__Bacilli.o__Lactobacillales.f__Aerococcaceae.g__Aerococcus, k__Bacteria.p__Bacillota.c__Bacilli.o__Erysipelotrichales.f__Erysipelotrichaceae.g__Culicoidibacter, k__Bacteria.p__Bacillota.c__Bacilli.o__Lactobacillales.f__Enterococcaceae.g__Enterococcus, k__Bacteria.p__Bacillota.c__Clostridia.o__Oscillospirales.f__Oscillospiraceae.g__UCG.003, k__Bacteria.p__Cyanobacteriota.c__Vampirivibrionia.o__Gastranaerophilales.f__Gastranaerophilaceae.g__Zag_111, k__Bacteria.p__Actinomycetota.c__Coriobacteriia.o__Coriobacteriales.f__Coriobacteriales.Incertae.Sedis.g__, k__Bacteria.p__Bacillota.c__Bacilli.o__Erysipelotrichales.f__Erysipelatoclostridiaceae.g__, k__Bacteria.p__Pseudomonadota.c__Alphaproteobacteria.o__Rhodospirillales.f__.g__, k__Bacteria.p__Bacillota.c__Clostridia.o__Lachnospirales.f__Lachnospiraceae.g__Acetatifactor, k__Bacteria.p__Pseudomonadota.c__Alphaproteobacteria.o__Rickettsiales.f__Mitochondria.g__, k__Bacteria.p__Bacillota.c__Clostridia.o__Oscillospirales.f__Ruminococcaceae.g__Ruthenibacterium, k__Bacteria.p__Pseudomonadota.c__Gammaproteobacteria.o__Enterobacterales.f__Pasteurellaceae.g__Muribacter, k__Bacteria.p__Bacillota.c__Clostridia.o__Oscillospirales.f__Ruminococcaceae.g__Anaerotruncus, k__Bacteria.p__Pseudomonadota.c__Gammaproteobacteria.o__Pseudomonadales.f__Moraxellaceae.g__Acinetobacter, k__Bacteria.p__Pseudomonadota.c__Gammaproteobacteria.o__Pseudomonadales.f__Pseudomonadaceae.g__Pseudomonas, k__Bacteria.p__Bacillota.c__Clostridia.o__Christensenellales.f__Christensenellaceae.g__, k__Bacteria.p__Bacillota.c__Clostridia.o__Eubacteriales.f__Anaerofustaceae.g__Anaerofustis, k__Bacteria.p__Bacillota.c__Clostridia.o__Oscillospirales.f__Oscillospiraceae.g__Oscillospira, k__.p__.c__.o__.f__.g__, k__Bacteria.p__Bacillota.c__Bacilli.o__Lactobacillales.f__.g__, k__Bacteria.p__Pseudomonadota.c__Gammaproteobacteria.o__Lysobacterales.f__Lysobacteraceae.g__Xanthomonas, k__Bacteria.p__Bacillota.c__Clostridia.o__Peptostreptococcales.Tissierellales.f__Anaerovoracaceae.g__, k__Bacteria.p__Bacillota.c__Clostridia.o__Oscillospirales.f__Oscillospiraceae.g__UCG.005, k__Bacteria.p__.c__.o__.f__.g__, k__Bacteria.p__Pseudomonadota.c__Gammaproteobacteria.o__Burkholderiales.f__Sutterellaceae.g__Parasutterella, k__Bacteria.p__Bacillota.c__Clostridia.o__Lachnospirales.f__Defluviitaleaceae.g__Defluviitaleaceae.UCG.011, k__Bacteria.p__Bacillota.c__Clostridia.o__Peptostreptococcales.Tissierellales.f__Peptostreptococcaceae.g__Peptostreptococcus, k__Bacteria.p__Cyanobacteriota.c__Cyanobacteriia.o__Chloroplast.f__.g__, k__Bacteria.p__Pseudomonadota.c__Gammaproteobacteria.o__Enterobacterales.f__Erwiniaceae.g__Pantoea, k__Bacteria.p__Bacillota.c__Clostridia.o__Oscillospirales.f__Butyricicoccaceae.g__UCG.009, k__Bacteria.p__Actinomycetota.c__Coriobacteriia.o__Coriobacteriales.f__Eggerthellaceae.g__, k__Bacteria.p__Bacillota.c__Clostridia.o__Lachnospirales.f__Lachnospiraceae.g__Lachnospiraceae.UCG.010, k__Bacteria.p__Pseudomonadota.c__Gammaproteobacteria.o__Burkholderiales.f__Oxalobacteraceae.g__Herminiimonas, k__Bacteria.p__Pseudomonadota.c__Gammaproteobacteria.o__Burkholderiales.f__Comamonadaceae.g__Delftia, k__Bacteria.p__Pseudomonadota.c__Alphaproteobacteria.o__Hyphomicrobiales.f__Rhizobiaceae.g__Agrobacterium, k__Bacteria.p__Bacillota.c__Bacilli.o__.f__.g__, k__Bacteria.p__Bacillota.c__Clostridia.o__Peptostreptococcales.Tissierellales.f__Peptostreptococcaceae.g__Romboutsia, k__Bacteria.p__Bacillota.c__Clostridia.o__.f__.g__, k__Bacteria.p__Pseudomonadota.c__Alphaproteobacteria.o__Hyphomicrobiales.f__Xanthobacteraceae.g__Bradyrhizobium, k__Bacteria.p__Bacillota.c__Bacilli.o__Lactobacillales.f__Lactobacillaceae.g__, k__Bacteria.p__Pseudomonadota.c__Alphaproteobacteria.o__Caulobacterales.f__Caulobacteraceae.g__Brevundimonas, k__Bacteria.p__Bacillota.c__Bacilli.o__Lactobacillales.f__Lactobacillaceae.g__Leuconostoc, k__Bacteria.p__Actinomycetota.c__Actinobacteria.o__Mycobacteriales.f__.g__, k__Bacteria.p__Bacillota.c__Bacilli.o__Lactobacillales.f__Enterococcaceae.g__, k__Bacteria.p__Patescibacteria.c__Saccharimonadia.o__Saccharimonadales.f__Saccharimonadaceae.g__Candidatus.Saccharimonas, k__Bacteria.p__Bacteroidota.c__Bacteroidia.o__Bacteroidales.f__.g__
2025-05-06 08:02:12.540885 INFO::Total filtered features with variance filtering: 0
2025-05-06 08:02:12.542407 INFO::Filtered feature names from variance filtering:
2025-05-06 08:02:12.543591 INFO::Running selected normalization method: TSS
2025-05-06 08:02:12.546163 INFO::Applying z-score to standardize continuous metadata
2025-05-06 08:02:12.551497 INFO::Running selected transform method: LOG
2025-05-06 08:02:12.55468 INFO::Running selected analysis method: LM
2025-05-06 08:02:12.556468 INFO::Fitting model to feature number 1, k__Bacteria.p__Bacillota.c__Bacilli.o__Lactobacillales.f__Lactobacillaceae.g__Ligilactobacillus
2025-05-06 08:02:12.561491 INFO::Fitting model to feature number 2, k__Bacteria.p__Bacteroidota.c__Bacteroidia.o__Bacteroidales.f__Muribaculaceae.g__
2025-05-06 08:02:12.570754 INFO::Fitting model to feature number 3, k__Bacteria.p__Bacillota.c__Bacilli.o__Lactobacillales.f__Lactobacillaceae.g__HT002
2025-05-06 08:02:12.57583 INFO::Fitting model to feature number 4, k__Bacteria.p__Bacillota.c__Bacilli.o__Lactobacillales.f__Lactobacillaceae.g__Lactobacillus
2025-05-06 08:02:12.580655 INFO::Fitting model to feature number 5, k__Bacteria.p__Bacillota.c__Bacilli.o__Erysipelotrichales.f__Erysipelotrichaceae.g__Turicibacter
2025-05-06 08:02:12.585967 INFO::Fitting model to feature number 6, k__Bacteria.p__Bacillota.c__Bacilli.o__Erysipelotrichales.f__Erysipelotrichaceae.g__Faecalibaculum
2025-05-06 08:02:12.59133 INFO::Fitting model to feature number 7, k__Bacteria.p__Thermodesulfobacteriota.c__Desulfovibrionia.o__Desulfovibrionales.f__Desulfovibrionaceae.g__Desulfovibrio
2025-05-06 08:02:12.596257 INFO::Fitting model to feature number 8, k__Bacteria.p__Bacteroidota.c__Bacteroidia.o__Bacteroidales.f__Bacteroidaceae.g__Bacteroides
2025-05-06 08:02:12.601719 INFO::Fitting model to feature number 9, k__Bacteria.p__Bacillota.c__Clostridia.o__Lachnospirales.f__Lachnospiraceae.g__Lachnospiraceae.NK4A136.group
2025-05-06 08:02:12.606943 INFO::Fitting model to feature number 10, k__Bacteria.p__Bacteroidota.c__Bacteroidia.o__Bacteroidales.f__Muribaculaceae.g__Muribaculum
2025-05-06 08:02:12.611828 INFO::Fitting model to feature number 11, k__Bacteria.p__Verrucomicrobiota.c__Verrucomicrobiia.o__Verrucomicrobiales.f__Akkermansiaceae.g__Akkermansia
2025-05-06 08:02:12.617038 INFO::Fitting model to feature number 12, k__Bacteria.p__Bacillota.c__Clostridia.o__Lachnospirales.f__Lachnospiraceae.g__Lachnospiraceae.UCG.006
2025-05-06 08:02:12.624766 INFO::Fitting model to feature number 13, k__Bacteria.p__Bacillota.c__Clostridia.o__Lachnospirales.f__Lachnospiraceae.g__Lachnoclostridium
2025-05-06 08:02:12.630158 INFO::Fitting model to feature number 14, k__Bacteria.p__Bacillota.c__Clostridia.o__Lachnospirales.f__Lachnospiraceae.g__
2025-05-06 08:02:12.636742 INFO::Fitting model to feature number 15, k__Bacteria.p__Bacteroidota.c__Bacteroidia.o__Bacteroidales.f__Rikenellaceae.g__Alistipes
2025-05-06 08:02:12.642497 INFO::Fitting model to feature number 16, k__Bacteria.p__Pseudomonadota.c__Gammaproteobacteria.o__Burkholderiales.f__Sutterellaceae.g__Turicimonas
2025-05-06 08:02:12.647568 INFO::Fitting model to feature number 17, k__Bacteria.p__Bacillota.c__Clostridia.o__Lachnospirales.f__Lachnospiraceae.g__Marvinbryantia
2025-05-06 08:02:12.652443 INFO::Fitting model to feature number 18, k__Bacteria.p__Bacillota.c__Clostridia.o__Lachnospirales.f__Lachnospiraceae.g__A2
2025-05-06 08:02:12.657332 INFO::Fitting model to feature number 19, k__Bacteria.p__Bacillota.c__Clostridia.o__Lachnospirales.f__Lachnospiraceae.g__Roseburia
2025-05-06 08:02:12.661949 INFO::Fitting model to feature number 20, k__Bacteria.p__Actinomycetota.c__Coriobacteriia.o__Coriobacteriales.f__Atopobiaceae.g__Coriobacteriaceae.UCG.002
2025-05-06 08:02:12.665373 INFO::Fitting model to feature number 21, k__Bacteria.p__Bacillota.c__Bacilli.o__Acholeplasmatales.f__Acholeplasmataceae.g__Anaeroplasma
2025-05-06 08:02:12.66923 INFO::Fitting model to feature number 22, k__Bacteria.p__Bacillota.c__Clostridia.o__Lachnospirales.f__Lachnospiraceae.g__Extibacter
2025-05-06 08:02:12.897529 INFO::Fitting model to feature number 23, k__Bacteria.p__Bacillota.c__Clostridia.o__Lachnospirales.f__Lachnospiraceae.g__Butyribacter
2025-05-06 08:02:12.902369 INFO::Fitting model to feature number 24, k__Bacteria.p__Bacteroidota.c__Bacteroidia.o__Bacteroidales.f__Tannerellaceae.g__Parabacteroides
2025-05-06 08:02:12.905636 INFO::Fitting model to feature number 25, k__Bacteria.p__Actinomycetota.c__Actinobacteria.o__Bifidobacteriales.f__Bifidobacteriaceae.g__Bifidobacterium
2025-05-06 08:02:12.909504 INFO::Fitting model to feature number 26, k__Bacteria.p__Bacillota.c__Clostridia.o__Oscillospirales.f__.Eubacterium..coprostanoligenes.group.g__
2025-05-06 08:02:12.913293 INFO::Fitting model to feature number 27, k__Bacteria.p__Bacillota.c__Clostridia.o__Clostridia.UCG.014.f__.g__
2025-05-06 08:02:12.917252 INFO::Fitting model to feature number 28, k__Bacteria.p__Bacillota.c__Clostridia.o__Lachnospirales.f__Lachnospiraceae.g__Enterocloster
2025-05-06 08:02:12.920901 INFO::Fitting model to feature number 29, k__Bacteria.p__Bacillota.c__Clostridia.o__Lachnospirales.f__Lachnospiraceae.g__ASF356
2025-05-06 08:02:12.925153 INFO::Fitting model to feature number 30, k__Bacteria.p__Bacillota.c__Clostridia.o__Clostridiales.f__Clostridiaceae.g__Candidatus.Arthromitus
2025-05-06 08:02:12.930323 INFO::Fitting model to feature number 31, k__Bacteria.p__Bacillota.c__Clostridia.o__Lachnospirales.f__Lachnospiraceae.g__Lachnospiraceae.AC2044.group
2025-05-06 08:02:12.93388 INFO::Fitting model to feature number 32, k__Bacteria.p__Bacillota.c__Clostridia.o__Lachnospirales.f__Lachnospiraceae.g__Lachnospiraceae.FCS020.group
2025-05-06 08:02:12.937936 INFO::Fitting model to feature number 33, k__Bacteria.p__Bacillota.c__Clostridia.o__Lachnospirales.f__Lachnospiraceae.g__Faecalimonas
2025-05-06 08:02:12.941066 INFO::Fitting model to feature number 34, k__Bacteria.p__Bacteroidota.c__Bacteroidia.o__Bacteroidales.f__Rikenellaceae.g__Rikenella
2025-05-06 08:02:13.085836 INFO::Fitting model to feature number 35, k__Bacteria.p__Bacteroidota.c__Bacteroidia.o__Bacteroidales.f__Rikenellaceae.g__Rikenellaceae.RC9.gut.group
2025-05-06 08:02:13.090445 INFO::Fitting model to feature number 36, k__Bacteria.p__Thermodesulfobacteriota.c__Desulfovibrionia.o__Desulfovibrionales.f__Desulfovibrionaceae.g__Bilophila
2025-05-06 08:02:13.094009 INFO::Fitting model to feature number 37, k__Bacteria.p__Bacteroidota.c__Bacteroidia.o__Bacteroidales.f__Marinifilaceae.g__Odoribacter
2025-05-06 08:02:13.097666 INFO::Fitting model to feature number 38, k__Bacteria.p__Bacillota.c__Clostridia.o__Oscillospirales.f__Butyricicoccaceae.g__Agathobaculum
2025-05-06 08:02:13.101684 INFO::Fitting model to feature number 39, k__Bacteria.p__Actinomycetota.c__Coriobacteriia.o__Coriobacteriales.f__Eggerthellaceae.g__Adlercreutzia
2025-05-06 08:02:13.104864 INFO::Fitting model to feature number 40, k__Bacteria.p__Bacillota.c__Clostridia.o__Oscillospirales.f__Oscillospiraceae.g__Oscillibacter
2025-05-06 08:02:13.108277 INFO::Fitting model to feature number 41, k__Bacteria.p__Bacillota.c__Clostridia.o__Peptococcales.f__Peptococcaceae.g__
2025-05-06 08:02:13.11295 INFO::Fitting model to feature number 42, k__Bacteria.p__Bacillota.c__Clostridia.o__Lachnospirales.f__Lachnospiraceae.g__.Eubacterium..xylanophilum.group
2025-05-06 08:02:13.116352 INFO::Fitting model to feature number 43, k__Bacteria.p__Bacillota.c__Clostridia.o__Oscillospirales.f__Oscillospiraceae.g__Colidextribacter
2025-05-06 08:02:13.119403 INFO::Fitting model to feature number 44, k__Bacteria.p__Bacillota.c__Clostridia.o__Lachnospirales.f__Lachnospiraceae.g__Dorea
2025-05-06 08:02:13.122589 INFO::Fitting model to feature number 45, k__Bacteria.p__Bacillota.c__Bacilli.o__Erysipelotrichales.f__Erysipelatoclostridiaceae.g__Massiliomicrobiota
2025-05-06 08:02:13.125764 INFO::Fitting model to feature number 46, k__Bacteria.p__Bacillota.c__Clostridia.o__Oscillospirales.f__Ruminococcaceae.g__Ruminococcus
2025-05-06 08:02:13.12902 INFO::Fitting model to feature number 47, k__Bacteria.p__Bacillota.c__Clostridia.o__Oscillospirales.f__Ruminococcaceae.g__Acutalibacter
2025-05-06 08:02:13.13345 INFO::Fitting model to feature number 48, k__Bacteria.p__Bacillota.c__Clostridia.o__Lachnospirales.f__Lachnospiraceae.g__GCA.900066575
2025-05-06 08:02:13.273365 INFO::Fitting model to feature number 49, k__Bacteria.p__Bacillota.c__Clostridia.o__Clostridia.vadinBB60.group.f__.g__
2025-05-06 08:02:13.278039 INFO::Fitting model to feature number 50, k__Bacteria.p__Bacillota.c__Clostridia.o__Oscillospirales.f__Oscillospiraceae.g__
2025-05-06 08:02:13.28274 INFO::Fitting model to feature number 51, k__Bacteria.p__Bacillota.c__Clostridia.o__Oscillospirales.f__Oscillospiraceae.g__Intestinimonas
2025-05-06 08:02:13.286425 INFO::Fitting model to feature number 52, k__Bacteria.p__Bacillota.c__Clostridia.o__Lachnospirales.f__Lachnospiraceae.g__Lachnospiraceae.UCG.002
2025-05-06 08:02:13.289936 INFO::Fitting model to feature number 53, k__Bacteria.p__Bacillota.c__Bacilli.o__Erysipelotrichales.f__Erysipelatoclostridiaceae.g__Thomasclavelia
2025-05-06 08:02:13.293159 INFO::Fitting model to feature number 54, k__Bacteria.p__Bacillota.c__Clostridia.o__Oscillospirales.f__Ruminococcaceae.g__
2025-05-06 08:02:13.296197 INFO::Fitting model to feature number 55, k__Bacteria.p__Bacillota.c__Clostridia.o__Lachnospirales.f__Lachnospiraceae.g__Lachnospiraceae.UCG.004
2025-05-06 08:02:13.299393 INFO::Fitting model to feature number 56, k__Bacteria.p__Bacillota.c__Bacilli.o__Erysipelotrichales.f__Erysipelotrichaceae.g__
2025-05-06 08:02:13.302501 INFO::Fitting model to feature number 57, k__Bacteria.p__Actinomycetota.c__Coriobacteriia.o__Coriobacteriales.f__Eggerthellaceae.g__Gordonibacter
2025-05-06 08:02:13.305876 INFO::Fitting model to feature number 58, k__Bacteria.p__Bacillota.c__Clostridia.o__Peptostreptococcales.Tissierellales.f__Anaerovoracaceae.g__Family.XIII.UCG.001
2025-05-06 08:02:13.310354 INFO::Fitting model to feature number 59, k__Bacteria.p__Cyanobacteriota.c__Vampirivibrionia.o__Gastranaerophilales.f__Gastranaerophilaceae.g__
2025-05-06 08:02:13.314394 INFO::Fitting model to feature number 60, k__Bacteria.p__Bacillota.c__Clostridia.o__Oscillospirales.f__Ruminococcaceae.g__.Eubacterium..siraeum.group
2025-05-06 08:02:13.431529 INFO::Fitting model to feature number 61, k__Bacteria.p__Bacillota.c__Clostridia.o__Oscillospirales.f__UCG.010.g__
2025-05-06 08:02:13.436064 INFO::Fitting model to feature number 62, k__Bacteria.p__Bacillota.c__Bacilli.o__RF39.f__.g__
2025-05-06 08:02:13.439554 INFO::Fitting model to feature number 63, k__Bacteria.p__Bacillota.c__Clostridia.o__Christensenellales.f__Christensenellaceae.g__Christensenellaceae.R.7.group
2025-05-06 08:02:13.444782 INFO::Fitting model to feature number 64, k__Bacteria.p__Bacillota.c__Clostridia.o__Monoglobales.f__Monoglobaceae.g__Monoglobus
2025-05-06 08:02:13.448813 INFO::Fitting model to feature number 65, k__Bacteria.p__Bacillota.c__Clostridia.o__Peptostreptococcales.Tissierellales.f__Anaerovoracaceae.g__.Eubacterium..brachy.group
2025-05-06 08:02:13.452726 INFO::Fitting model to feature number 66, k__Bacteria.p__Bacillota.c__Clostridia.o__Peptococcales.f__Peptococcaceae.g__Peptococcus
2025-05-06 08:02:13.456835 INFO::Fitting model to feature number 67, k__Bacteria.p__Bacillota.c__Clostridia.o__Oscillospirales.f__Oscillospiraceae.g__NK4A214.group
2025-05-06 08:02:13.509935 INFO::Counting total values for each feature
2025-05-06 08:02:13.519473 INFO::Writing filtered data to file /home/julianne/Documents/pdbehavior/Analysis_Files/ASO/Microbiome/differential_taxa/L6_Cecum_Maaslin2_Genotype/features/filtered_data.tsv
2025-05-06 08:02:13.522638 INFO::Writing filtered, normalized data to file /home/julianne/Documents/pdbehavior/Analysis_Files/ASO/Microbiome/differential_taxa/L6_Cecum_Maaslin2_Genotype/features/filtered_data_norm.tsv
2025-05-06 08:02:13.527064 INFO::Writing filtered, normalized, transformed data to file /home/julianne/Documents/pdbehavior/Analysis_Files/ASO/Microbiome/differential_taxa/L6_Cecum_Maaslin2_Genotype/features/filtered_data_norm_transformed.tsv
2025-05-06 08:02:13.53187 INFO::Writing residuals to file /home/julianne/Documents/pdbehavior/Analysis_Files/ASO/Microbiome/differential_taxa/L6_Cecum_Maaslin2_Genotype/fits/residuals.rds
2025-05-06 08:02:13.534183 INFO::Writing fitted values to file /home/julianne/Documents/pdbehavior/Analysis_Files/ASO/Microbiome/differential_taxa/L6_Cecum_Maaslin2_Genotype/fits/fitted.rds
2025-05-06 08:02:13.536611 INFO::Writing all results to file (ordered by increasing q-values): /home/julianne/Documents/pdbehavior/Analysis_Files/ASO/Microbiome/differential_taxa/L6_Cecum_Maaslin2_Genotype/all_results.tsv
2025-05-06 08:02:13.541141 INFO::Writing the significant results (those which are less than or equal to the threshold of 0.250000 ) to file (ordered by increasing q-values): /home/julianne/Documents/pdbehavior/Analysis_Files/ASO/Microbiome/differential_taxa/L6_Cecum_Maaslin2_Genotype/significant_results.tsv
