2025-05-06 08:03:06.745993 INFO::Writing function arguments to log file
2025-05-06 08:03:06.746976 DEBUG::Function arguments
2025-05-06 08:03:06.747367 DEBUG::Output folder: /home/julianne/Documents/pdbehavior/Analysis_Files/ASO/Microbiome/differential_taxa/L2_Cecum_Maaslin2_Sex_Genotype
2025-05-06 08:03:06.747669 DEBUG::Min Abundance: 0.000000
2025-05-06 08:03:06.74792 DEBUG::Min Prevalence: 0.150000
2025-05-06 08:03:06.748148 DEBUG::Normalization: TSS
2025-05-06 08:03:06.748365 DEBUG::Transform: LOG
2025-05-06 08:03:06.748586 DEBUG::Analysis method: LM
2025-05-06 08:03:06.748799 DEBUG::Max significance: 0.250000
2025-05-06 08:03:06.749014 DEBUG::Random effects:
2025-05-06 08:03:06.74924 DEBUG::Fixed effects: Sex,Genotype
2025-05-06 08:03:06.74946 DEBUG::Correction method: BH
2025-05-06 08:03:06.74968 DEBUG::Standardize: TRUE
2025-05-06 08:03:06.749898 DEBUG::Cores: 1
2025-05-06 08:03:06.750106 INFO::Verifying options selected are valid
2025-05-06 08:03:06.751077 INFO::Determining format of input files
2025-05-06 08:03:06.751941 INFO::Input format is data samples as columns and metadata samples as rows
2025-05-06 08:03:06.753059 DEBUG::Transformed data so samples are rows
2025-05-06 08:03:06.753559 DEBUG::A total of 34 samples were found in both the data and metadata
2025-05-06 08:03:06.753821 DEBUG::Reordering data/metadata to use same sample ordering
2025-05-06 08:03:06.754414 INFO::Formula for fixed effects: expr ~  Sex + Genotype
2025-05-06 08:03:06.755409 INFO::Factor detected for categorial metadata 'Sex'. Provide a reference argument or manually set factor ordering to change reference level.
2025-05-06 08:03:06.756363 INFO::Factor detected for categorial metadata 'Genotype'. Provide a reference argument or manually set factor ordering to change reference level.
2025-05-06 08:03:06.757764 INFO::Filter data based on min abundance and min prevalence
2025-05-06 08:03:06.759292 INFO::Total samples in data: 34
2025-05-06 08:03:06.76035 INFO::Min samples required with min abundance for a feature not to be filtered: 5.100000
2025-05-06 08:03:06.76146 INFO::Total filtered features: 3
2025-05-06 08:03:06.762339 INFO::Filtered feature names from abundance and prevalence filtering: k__.p__, k__Bacteria.p__, k__Bacteria.p__Patescibacteria
2025-05-06 08:03:06.763499 INFO::Total filtered features with variance filtering: 0
2025-05-06 08:03:06.764508 INFO::Filtered feature names from variance filtering:
2025-05-06 08:03:06.765326 INFO::Running selected normalization method: TSS
2025-05-06 08:03:06.766462 INFO::Applying z-score to standardize continuous metadata
2025-05-06 08:03:06.771061 INFO::Running selected transform method: LOG
2025-05-06 08:03:06.772532 INFO::Running selected analysis method: LM
2025-05-06 08:03:06.774396 INFO::Fitting model to feature number 1, k__Bacteria.p__Bacillota
2025-05-06 08:03:06.779884 INFO::Fitting model to feature number 2, k__Bacteria.p__Bacteroidota
2025-05-06 08:03:06.852157 INFO::Fitting model to feature number 3, k__Bacteria.p__Thermodesulfobacteriota
2025-05-06 08:03:06.860575 INFO::Fitting model to feature number 4, k__Bacteria.p__Verrucomicrobiota
2025-05-06 08:03:06.866211 INFO::Fitting model to feature number 5, k__Bacteria.p__Pseudomonadota
2025-05-06 08:03:06.885741 INFO::Fitting model to feature number 6, k__Bacteria.p__Actinomycetota
2025-05-06 08:03:06.892682 INFO::Fitting model to feature number 7, k__Bacteria.p__Cyanobacteriota
2025-05-06 08:03:06.90609 INFO::Counting total values for each feature
2025-05-06 08:03:06.908746 INFO::Writing filtered data to file /home/julianne/Documents/pdbehavior/Analysis_Files/ASO/Microbiome/differential_taxa/L2_Cecum_Maaslin2_Sex_Genotype/features/filtered_data.tsv
2025-05-06 08:03:06.910904 INFO::Writing filtered, normalized data to file /home/julianne/Documents/pdbehavior/Analysis_Files/ASO/Microbiome/differential_taxa/L2_Cecum_Maaslin2_Sex_Genotype/features/filtered_data_norm.tsv
2025-05-06 08:03:06.913615 INFO::Writing filtered, normalized, transformed data to file /home/julianne/Documents/pdbehavior/Analysis_Files/ASO/Microbiome/differential_taxa/L2_Cecum_Maaslin2_Sex_Genotype/features/filtered_data_norm_transformed.tsv
2025-05-06 08:03:06.916889 INFO::Writing residuals to file /home/julianne/Documents/pdbehavior/Analysis_Files/ASO/Microbiome/differential_taxa/L2_Cecum_Maaslin2_Sex_Genotype/fits/residuals.rds
2025-05-06 08:03:06.91897 INFO::Writing fitted values to file /home/julianne/Documents/pdbehavior/Analysis_Files/ASO/Microbiome/differential_taxa/L2_Cecum_Maaslin2_Sex_Genotype/fits/fitted.rds
2025-05-06 08:03:06.920888 INFO::Writing all results to file (ordered by increasing q-values): /home/julianne/Documents/pdbehavior/Analysis_Files/ASO/Microbiome/differential_taxa/L2_Cecum_Maaslin2_Sex_Genotype/all_results.tsv
2025-05-06 08:03:06.923872 INFO::Writing the significant results (those which are less than or equal to the threshold of 0.250000 ) to file (ordered by increasing q-values): /home/julianne/Documents/pdbehavior/Analysis_Files/ASO/Microbiome/differential_taxa/L2_Cecum_Maaslin2_Sex_Genotype/significant_results.tsv
