2025-06-14 16:18:32.23111 INFO::Writing function arguments to log file
2025-06-14 16:18:32.232863 DEBUG::Function arguments
2025-06-14 16:18:32.233564 DEBUG::Output folder: /home/julianne/Documents/pdbehavior/results/ASO/differential_taxa/L2_Cecum_Maaslin2_Genotype
2025-06-14 16:18:32.234269 DEBUG::Min Abundance: 0.000000
2025-06-14 16:18:32.234965 DEBUG::Min Prevalence: 0.150000
2025-06-14 16:18:32.235661 DEBUG::Normalization: TSS
2025-06-14 16:18:32.236523 DEBUG::Transform: LOG
2025-06-14 16:18:32.237254 DEBUG::Analysis method: LM
2025-06-14 16:18:32.237629 DEBUG::Max significance: 0.250000
2025-06-14 16:18:32.237898 DEBUG::Random effects:
2025-06-14 16:18:32.238132 DEBUG::Fixed effects: Genotype
2025-06-14 16:18:32.238409 DEBUG::Correction method: BH
2025-06-14 16:18:32.238869 DEBUG::Standardize: TRUE
2025-06-14 16:18:32.23921 DEBUG::Cores: 1
2025-06-14 16:18:32.239929 INFO::Verifying options selected are valid
2025-06-14 16:18:32.242122 INFO::Determining format of input files
2025-06-14 16:18:32.24369 INFO::Input format is data samples as columns and metadata samples as rows
2025-06-14 16:18:32.245566 DEBUG::Transformed data so samples are rows
2025-06-14 16:18:32.246202 DEBUG::A total of 33 samples were found in both the data and metadata
2025-06-14 16:18:32.246731 DEBUG::Reordering data/metadata to use same sample ordering
2025-06-14 16:18:32.247713 INFO::Formula for fixed effects: expr ~  Genotype
2025-06-14 16:18:32.249009 INFO::Factor detected for categorial metadata 'Genotype'. Provide a reference argument or manually set factor ordering to change reference level.
2025-06-14 16:18:32.25026 INFO::Filter data based on min abundance and min prevalence
2025-06-14 16:18:32.251396 INFO::Total samples in data: 33
2025-06-14 16:18:32.252817 INFO::Min samples required with min abundance for a feature not to be filtered: 4.950000
2025-06-14 16:18:32.254175 INFO::Total filtered features: 3
2025-06-14 16:18:32.25563 INFO::Filtered feature names from abundance and prevalence filtering: k__.p__, k__Bacteria.p__, k__Bacteria.p__Patescibacteria
2025-06-14 16:18:32.256906 INFO::Total filtered features with variance filtering: 0
2025-06-14 16:18:32.258002 INFO::Filtered feature names from variance filtering:
2025-06-14 16:18:32.258798 INFO::Running selected normalization method: TSS
2025-06-14 16:18:32.259996 INFO::Applying z-score to standardize continuous metadata
2025-06-14 16:18:32.264999 INFO::Running selected transform method: LOG
2025-06-14 16:18:32.266756 INFO::Running selected analysis method: LM
2025-06-14 16:18:32.268645 INFO::Fitting model to feature number 1, k__Bacteria.p__Bacillota
2025-06-14 16:18:32.27385 INFO::Fitting model to feature number 2, k__Bacteria.p__Bacteroidota
2025-06-14 16:18:32.278748 INFO::Fitting model to feature number 3, k__Bacteria.p__Thermodesulfobacteriota
2025-06-14 16:18:32.282978 INFO::Fitting model to feature number 4, k__Bacteria.p__Verrucomicrobiota
2025-06-14 16:18:32.287379 INFO::Fitting model to feature number 5, k__Bacteria.p__Pseudomonadota
2025-06-14 16:18:32.29197 INFO::Fitting model to feature number 6, k__Bacteria.p__Actinomycetota
2025-06-14 16:18:32.296387 INFO::Fitting model to feature number 7, k__Bacteria.p__Cyanobacteriota
2025-06-14 16:18:32.305045 INFO::Counting total values for each feature
2025-06-14 16:18:32.308085 INFO::Writing filtered data to file /home/julianne/Documents/pdbehavior/results/ASO/differential_taxa/L2_Cecum_Maaslin2_Genotype/features/filtered_data.tsv
2025-06-14 16:18:32.310559 INFO::Writing filtered, normalized data to file /home/julianne/Documents/pdbehavior/results/ASO/differential_taxa/L2_Cecum_Maaslin2_Genotype/features/filtered_data_norm.tsv
2025-06-14 16:18:32.313612 INFO::Writing filtered, normalized, transformed data to file /home/julianne/Documents/pdbehavior/results/ASO/differential_taxa/L2_Cecum_Maaslin2_Genotype/features/filtered_data_norm_transformed.tsv
2025-06-14 16:18:32.316785 INFO::Writing residuals to file /home/julianne/Documents/pdbehavior/results/ASO/differential_taxa/L2_Cecum_Maaslin2_Genotype/fits/residuals.rds
2025-06-14 16:18:32.318847 INFO::Writing fitted values to file /home/julianne/Documents/pdbehavior/results/ASO/differential_taxa/L2_Cecum_Maaslin2_Genotype/fits/fitted.rds
2025-06-14 16:18:32.320827 INFO::Writing all results to file (ordered by increasing q-values): /home/julianne/Documents/pdbehavior/results/ASO/differential_taxa/L2_Cecum_Maaslin2_Genotype/all_results.tsv
2025-06-14 16:18:32.323575 INFO::Writing the significant results (those which are less than or equal to the threshold of 0.250000 ) to file (ordered by increasing q-values): /home/julianne/Documents/pdbehavior/results/ASO/differential_taxa/L2_Cecum_Maaslin2_Genotype/significant_results.tsv
