2025-06-14 16:18:37.15429 INFO::Writing function arguments to log file
2025-06-14 16:18:37.156026 DEBUG::Function arguments
2025-06-14 16:18:37.156656 DEBUG::Output folder: /home/julianne/Documents/pdbehavior/results/ASO/differential_taxa/L2_Luminal_Colon_Maaslin2_Sex_Genotype
2025-06-14 16:18:37.157165 DEBUG::Min Abundance: 0.000000
2025-06-14 16:18:37.157685 DEBUG::Min Prevalence: 0.150000
2025-06-14 16:18:37.158228 DEBUG::Normalization: TSS
2025-06-14 16:18:37.158788 DEBUG::Transform: LOG
2025-06-14 16:18:37.159328 DEBUG::Analysis method: LM
2025-06-14 16:18:37.1599 DEBUG::Max significance: 0.250000
2025-06-14 16:18:37.160463 DEBUG::Random effects:
2025-06-14 16:18:37.161111 DEBUG::Fixed effects: Sex,Genotype
2025-06-14 16:18:37.161669 DEBUG::Correction method: BH
2025-06-14 16:18:37.162192 DEBUG::Standardize: TRUE
2025-06-14 16:18:37.162635 DEBUG::Cores: 1
2025-06-14 16:18:37.163064 INFO::Verifying options selected are valid
2025-06-14 16:18:37.164413 INFO::Determining format of input files
2025-06-14 16:18:37.165908 INFO::Input format is data samples as columns and metadata samples as rows
2025-06-14 16:18:37.168248 DEBUG::Transformed data so samples are rows
2025-06-14 16:18:37.169216 DEBUG::A total of 65 samples were found in both the data and metadata
2025-06-14 16:18:37.1699 DEBUG::Reordering data/metadata to use same sample ordering
2025-06-14 16:18:37.171109 INFO::Formula for fixed effects: expr ~  Sex + Genotype
2025-06-14 16:18:37.172818 INFO::Factor detected for categorial metadata 'Sex'. Provide a reference argument or manually set factor ordering to change reference level.
2025-06-14 16:18:37.174561 INFO::Factor detected for categorial metadata 'Genotype'. Provide a reference argument or manually set factor ordering to change reference level.
2025-06-14 16:18:37.176243 INFO::Filter data based on min abundance and min prevalence
2025-06-14 16:18:37.177889 INFO::Total samples in data: 65
2025-06-14 16:18:37.179381 INFO::Min samples required with min abundance for a feature not to be filtered: 9.750000
2025-06-14 16:18:37.18141 INFO::Total filtered features: 3
2025-06-14 16:18:37.183087 INFO::Filtered feature names from abundance and prevalence filtering: k__.p__, k__Bacteria.p__, k__Bacteria.p__Patescibacteria
2025-06-14 16:18:37.191546 INFO::Total filtered features with variance filtering: 0
2025-06-14 16:18:37.193192 INFO::Filtered feature names from variance filtering:
2025-06-14 16:18:37.194256 INFO::Running selected normalization method: TSS
2025-06-14 16:18:37.195624 INFO::Applying z-score to standardize continuous metadata
2025-06-14 16:18:37.203267 INFO::Running selected transform method: LOG
2025-06-14 16:18:37.205243 INFO::Running selected analysis method: LM
2025-06-14 16:18:37.207359 INFO::Fitting model to feature number 1, k__Bacteria.p__Bacillota
2025-06-14 16:18:37.21722 INFO::Fitting model to feature number 2, k__Bacteria.p__Bacteroidota
2025-06-14 16:18:37.222224 INFO::Fitting model to feature number 3, k__Bacteria.p__Thermodesulfobacteriota
2025-06-14 16:18:37.227049 INFO::Fitting model to feature number 4, k__Bacteria.p__Verrucomicrobiota
2025-06-14 16:18:37.231811 INFO::Fitting model to feature number 5, k__Bacteria.p__Pseudomonadota
2025-06-14 16:18:37.236862 INFO::Fitting model to feature number 6, k__Bacteria.p__Actinomycetota
2025-06-14 16:18:37.242082 INFO::Fitting model to feature number 7, k__Bacteria.p__Cyanobacteriota
2025-06-14 16:18:37.25216 INFO::Counting total values for each feature
2025-06-14 16:18:37.257491 INFO::Writing filtered data to file /home/julianne/Documents/pdbehavior/results/ASO/differential_taxa/L2_Luminal_Colon_Maaslin2_Sex_Genotype/features/filtered_data.tsv
2025-06-14 16:18:37.261203 INFO::Writing filtered, normalized data to file /home/julianne/Documents/pdbehavior/results/ASO/differential_taxa/L2_Luminal_Colon_Maaslin2_Sex_Genotype/features/filtered_data_norm.tsv
2025-06-14 16:18:37.26726 INFO::Writing filtered, normalized, transformed data to file /home/julianne/Documents/pdbehavior/results/ASO/differential_taxa/L2_Luminal_Colon_Maaslin2_Sex_Genotype/features/filtered_data_norm_transformed.tsv
2025-06-14 16:18:37.271961 INFO::Writing residuals to file /home/julianne/Documents/pdbehavior/results/ASO/differential_taxa/L2_Luminal_Colon_Maaslin2_Sex_Genotype/fits/residuals.rds
2025-06-14 16:18:37.275014 INFO::Writing fitted values to file /home/julianne/Documents/pdbehavior/results/ASO/differential_taxa/L2_Luminal_Colon_Maaslin2_Sex_Genotype/fits/fitted.rds
2025-06-14 16:18:37.277579 INFO::Writing all results to file (ordered by increasing q-values): /home/julianne/Documents/pdbehavior/results/ASO/differential_taxa/L2_Luminal_Colon_Maaslin2_Sex_Genotype/all_results.tsv
2025-06-14 16:18:37.292966 INFO::Writing the significant results (those which are less than or equal to the threshold of 0.250000 ) to file (ordered by increasing q-values): /home/julianne/Documents/pdbehavior/results/ASO/differential_taxa/L2_Luminal_Colon_Maaslin2_Sex_Genotype/significant_results.tsv
