2025-06-14 16:18:35.50994 INFO::Writing function arguments to log file
2025-06-14 16:18:35.511579 DEBUG::Function arguments
2025-06-14 16:18:35.512308 DEBUG::Output folder: /home/julianne/Documents/pdbehavior/results/ASO/differential_taxa/L2_Cecum_Maaslin2_Sex_Genotype
2025-06-14 16:18:35.512981 DEBUG::Min Abundance: 0.000000
2025-06-14 16:18:35.51364 DEBUG::Min Prevalence: 0.150000
2025-06-14 16:18:35.516116 DEBUG::Normalization: TSS
2025-06-14 16:18:35.516794 DEBUG::Transform: LOG
2025-06-14 16:18:35.517584 DEBUG::Analysis method: LM
2025-06-14 16:18:35.518247 DEBUG::Max significance: 0.250000
2025-06-14 16:18:35.519256 DEBUG::Random effects:
2025-06-14 16:18:35.519913 DEBUG::Fixed effects: Sex,Genotype
2025-06-14 16:18:35.521178 DEBUG::Correction method: BH
2025-06-14 16:18:35.521745 DEBUG::Standardize: TRUE
2025-06-14 16:18:35.522439 DEBUG::Cores: 1
2025-06-14 16:18:35.523168 INFO::Verifying options selected are valid
2025-06-14 16:18:35.524265 INFO::Determining format of input files
2025-06-14 16:18:35.526394 INFO::Input format is data samples as columns and metadata samples as rows
2025-06-14 16:18:35.528106 DEBUG::Transformed data so samples are rows
2025-06-14 16:18:35.529363 DEBUG::A total of 33 samples were found in both the data and metadata
2025-06-14 16:18:35.529928 DEBUG::Reordering data/metadata to use same sample ordering
2025-06-14 16:18:35.531098 INFO::Formula for fixed effects: expr ~  Sex + Genotype
2025-06-14 16:18:35.532474 INFO::Factor detected for categorial metadata 'Sex'. Provide a reference argument or manually set factor ordering to change reference level.
2025-06-14 16:18:35.534276 INFO::Factor detected for categorial metadata 'Genotype'. Provide a reference argument or manually set factor ordering to change reference level.
2025-06-14 16:18:35.535807 INFO::Filter data based on min abundance and min prevalence
2025-06-14 16:18:35.537301 INFO::Total samples in data: 33
2025-06-14 16:18:35.539308 INFO::Min samples required with min abundance for a feature not to be filtered: 4.950000
2025-06-14 16:18:35.541857 INFO::Total filtered features: 3
2025-06-14 16:18:35.54355 INFO::Filtered feature names from abundance and prevalence filtering: k__.p__, k__Bacteria.p__, k__Bacteria.p__Patescibacteria
2025-06-14 16:18:35.545902 INFO::Total filtered features with variance filtering: 0
2025-06-14 16:18:35.54765 INFO::Filtered feature names from variance filtering:
2025-06-14 16:18:35.548832 INFO::Running selected normalization method: TSS
2025-06-14 16:18:35.551617 INFO::Applying z-score to standardize continuous metadata
2025-06-14 16:18:35.557165 INFO::Running selected transform method: LOG
2025-06-14 16:18:35.559223 INFO::Running selected analysis method: LM
2025-06-14 16:18:35.561697 INFO::Fitting model to feature number 1, k__Bacteria.p__Bacillota
2025-06-14 16:18:35.567383 INFO::Fitting model to feature number 2, k__Bacteria.p__Bacteroidota
2025-06-14 16:18:35.572762 INFO::Fitting model to feature number 3, k__Bacteria.p__Thermodesulfobacteriota
2025-06-14 16:18:35.578021 INFO::Fitting model to feature number 4, k__Bacteria.p__Verrucomicrobiota
2025-06-14 16:18:35.583544 INFO::Fitting model to feature number 5, k__Bacteria.p__Pseudomonadota
2025-06-14 16:18:35.588371 INFO::Fitting model to feature number 6, k__Bacteria.p__Actinomycetota
2025-06-14 16:18:35.592639 INFO::Fitting model to feature number 7, k__Bacteria.p__Cyanobacteriota
2025-06-14 16:18:35.601093 INFO::Counting total values for each feature
2025-06-14 16:18:35.604535 INFO::Writing filtered data to file /home/julianne/Documents/pdbehavior/results/ASO/differential_taxa/L2_Cecum_Maaslin2_Sex_Genotype/features/filtered_data.tsv
2025-06-14 16:18:35.607035 INFO::Writing filtered, normalized data to file /home/julianne/Documents/pdbehavior/results/ASO/differential_taxa/L2_Cecum_Maaslin2_Sex_Genotype/features/filtered_data_norm.tsv
2025-06-14 16:18:35.609797 INFO::Writing filtered, normalized, transformed data to file /home/julianne/Documents/pdbehavior/results/ASO/differential_taxa/L2_Cecum_Maaslin2_Sex_Genotype/features/filtered_data_norm_transformed.tsv
2025-06-14 16:18:35.613368 INFO::Writing residuals to file /home/julianne/Documents/pdbehavior/results/ASO/differential_taxa/L2_Cecum_Maaslin2_Sex_Genotype/fits/residuals.rds
2025-06-14 16:18:35.61537 INFO::Writing fitted values to file /home/julianne/Documents/pdbehavior/results/ASO/differential_taxa/L2_Cecum_Maaslin2_Sex_Genotype/fits/fitted.rds
2025-06-14 16:18:35.617463 INFO::Writing all results to file (ordered by increasing q-values): /home/julianne/Documents/pdbehavior/results/ASO/differential_taxa/L2_Cecum_Maaslin2_Sex_Genotype/all_results.tsv
2025-06-14 16:18:35.620773 INFO::Writing the significant results (those which are less than or equal to the threshold of 0.250000 ) to file (ordered by increasing q-values): /home/julianne/Documents/pdbehavior/results/ASO/differential_taxa/L2_Cecum_Maaslin2_Sex_Genotype/significant_results.tsv
