2025-05-14 22:03:55.333092 INFO::Writing function arguments to log file
2025-05-14 22:03:55.3347 DEBUG::Function arguments
2025-05-14 22:03:55.335094 DEBUG::Output folder: /home/julianne/Documents/pdbehavior/Analysis_Files/PFF/PFF_Microbiome/differential_taxa/collapsed_ASV_tables/L6_Luminal_Colon_Maaslin2_Sex_Genotype_1-MouseID
2025-05-14 22:03:55.335404 DEBUG::Min Abundance: 0.000000
2025-05-14 22:03:55.335677 DEBUG::Min Prevalence: 0.150000
2025-05-14 22:03:55.335933 DEBUG::Normalization: TSS
2025-05-14 22:03:55.336207 DEBUG::Transform: LOG
2025-05-14 22:03:55.336468 DEBUG::Analysis method: LM
2025-05-14 22:03:55.336829 DEBUG::Max significance: 0.250000
2025-05-14 22:03:55.337176 DEBUG::Random effects: MouseID
2025-05-14 22:03:55.337462 DEBUG::Fixed effects: Sex,Genotype
2025-05-14 22:03:55.337869 DEBUG::Correction method: BH
2025-05-14 22:03:55.338316 DEBUG::Standardize: TRUE
2025-05-14 22:03:55.338693 DEBUG::Cores: 1
2025-05-14 22:03:55.338928 INFO::Verifying options selected are valid
2025-05-14 22:03:55.339903 INFO::Determining format of input files
2025-05-14 22:03:55.340793 INFO::Input format is data samples as columns and metadata samples as rows
2025-05-14 22:03:55.342469 DEBUG::Transformed data so samples are rows
2025-05-14 22:03:55.343634 DEBUG::A total of 71 samples were found in both the data and metadata
2025-05-14 22:03:55.344102 DEBUG::Reordering data/metadata to use same sample ordering
2025-05-14 22:03:55.347113 INFO::Formula for random effects: expr ~ (1 | MouseID)
2025-05-14 22:03:55.348918 INFO::Formula for fixed effects: expr ~  Sex + Genotype
2025-05-14 22:03:55.350516 INFO::Factor detected for categorial metadata 'Sex'. Provide a reference argument or manually set factor ordering to change reference level.
2025-05-14 22:03:55.351941 INFO::Factor detected for categorial metadata 'Genotype'. Provide a reference argument or manually set factor ordering to change reference level.
2025-05-14 22:03:55.353836 INFO::Filter data based on min abundance and min prevalence
2025-05-14 22:03:55.355401 INFO::Total samples in data: 71
2025-05-14 22:03:55.357014 INFO::Min samples required with min abundance for a feature not to be filtered: 10.650000
2025-05-14 22:03:55.360689 INFO::Total filtered features: 64
2025-05-14 22:03:55.3618 INFO::Filtered feature names from abundance and prevalence filtering: k__Bacteria.p__.c__.o__.f__.g__, k__Bacteria.p__Actinobacteriota.c__Actinobacteria.o__Bifidobacteriales.f__Bifidobacteriaceae.g__Bifidobacterium, k__Bacteria.p__Actinobacteriota.c__Actinobacteria.o__Corynebacteriales.f__Corynebacteriaceae.g__Corynebacterium, k__Bacteria.p__Actinobacteriota.c__Actinobacteria.o__Corynebacteriales.f__Mycobacteriaceae.g__Mycobacterium, k__Bacteria.p__Actinobacteriota.c__Actinobacteria.o__Micrococcales.f__Microbacteriaceae.g__Curtobacterium, k__Bacteria.p__Actinobacteriota.c__Actinobacteria.o__Pseudonocardiales.f__Pseudonocardiaceae.g__Saccharopolyspora, k__Bacteria.p__Actinobacteriota.c__Coriobacteriia.o__Coriobacteriales.f__Coriobacteriales.Incertae.Sedis.g__, k__Bacteria.p__Actinobacteriota.c__Coriobacteriia.o__Coriobacteriales.f__Eggerthellaceae.g__DNF00809, k__Bacteria.p__Actinobacteriota.c__Coriobacteriia.o__Coriobacteriales.f__Eggerthellaceae.g__Gordonibacter, k__Bacteria.p__Bacteroidota.c__Bacteroidia.o__Bacteroidales.f__.g__, k__Bacteria.p__Bacteroidota.c__Bacteroidia.o__Bacteroidales.f__Prevotellaceae.g__Alloprevotella, k__Bacteria.p__Bacteroidota.c__Bacteroidia.o__Bacteroidales.f__Prevotellaceae.g__Prevotella_9, k__Bacteria.p__Bacteroidota.c__Bacteroidia.o__Bacteroidales.f__Prevotellaceae.g__Prevotellaceae.UCG.001, k__Bacteria.p__Bacteroidota.c__Bacteroidia.o__Chitinophagales.f__Chitinophagaceae.g__Vibrionimonas, k__Bacteria.p__Cyanobacteria.c__Cyanobacteriia.o__Chloroplast.f__.g__, k__Bacteria.p__Firmicutes.c__.o__.f__.g__, k__Bacteria.p__Firmicutes.c__Bacilli.o__Bacillales.f__Bacillaceae.g__Bacillus, k__Bacteria.p__Firmicutes.c__Bacilli.o__Bacillales.f__Bacillaceae.g__Terribacillus, k__Bacteria.p__Firmicutes.c__Bacilli.o__Bacillales.f__Planococcaceae.g__Solibacillus, k__Bacteria.p__Firmicutes.c__Bacilli.o__Erysipelotrichales.f__Erysipelatoclostridiaceae.g__, k__Bacteria.p__Firmicutes.c__Bacilli.o__Erysipelotrichales.f__Erysipelatoclostridiaceae.g__Candidatus.Stoquefichus, k__Bacteria.p__Firmicutes.c__Bacilli.o__Erysipelotrichales.f__Erysipelotrichaceae.g__Dubosiella, k__Bacteria.p__Firmicutes.c__Bacilli.o__Lactobacillales.f__Enterococcaceae.g__Enterococcus, k__Bacteria.p__Firmicutes.c__Bacilli.o__Lactobacillales.f__Lactobacillaceae.g__, k__Bacteria.p__Firmicutes.c__Bacilli.o__Lactobacillales.f__Lactobacillaceae.g__Latilactobacillus, k__Bacteria.p__Firmicutes.c__Bacilli.o__Lactobacillales.f__Lactobacillaceae.g__Weissella, k__Bacteria.p__Firmicutes.c__Bacilli.o__Staphylococcales.f__Staphylococcaceae.g__Staphylococcus, k__Bacteria.p__Firmicutes.c__Bacilli.o__Thermoactinomycetales.f__Thermoactinomycetaceae.g__Kroppenstedtia, k__Bacteria.p__Firmicutes.c__Bacilli.o__Thermoactinomycetales.f__Thermoactinomycetaceae.g__Thermoactinomyces, k__Bacteria.p__Firmicutes.c__Clostridia.o__.f__.g__, k__Bacteria.p__Firmicutes.c__Clostridia.o__Christensenellales.f__Christensenellaceae.g__, k__Bacteria.p__Firmicutes.c__Clostridia.o__Christensenellales.f__Christensenellaceae.g__Christensenellaceae.R.7.group, k__Bacteria.p__Firmicutes.c__Clostridia.o__Clostridiales.f__Clostridiaceae.g__, k__Bacteria.p__Firmicutes.c__Clostridia.o__Eubacteriales.f__Anaerofustaceae.g__Anaerofustis, k__Bacteria.p__Firmicutes.c__Clostridia.o__Lachnospirales.f__Defluviitaleaceae.g__Defluviitaleaceae.UCG.011, k__Bacteria.p__Firmicutes.c__Clostridia.o__Lachnospirales.f__Lachnospiraceae.g__Agathobacter, k__Bacteria.p__Firmicutes.c__Clostridia.o__Lachnospirales.f__Lachnospiraceae.g__Anaerostipes, k__Bacteria.p__Firmicutes.c__Clostridia.o__Lachnospirales.f__Lachnospiraceae.g__Blautia, k__Bacteria.p__Firmicutes.c__Clostridia.o__Lachnospirales.f__Lachnospiraceae.g__Lachnospiraceae.AC2044.group, k__Bacteria.p__Firmicutes.c__Clostridia.o__Lachnospirales.f__Lachnospiraceae.g__Lachnospiraceae.NK4B4.group, k__Bacteria.p__Firmicutes.c__Clostridia.o__Lachnospirales.f__Lachnospiraceae.g__Tyzzerella, k__Bacteria.p__Firmicutes.c__Clostridia.o__Lachnospirales.f__Lachnospiraceae.g__.Eubacterium..ruminantium.group, k__Bacteria.p__Firmicutes.c__Clostridia.o__Lachnospirales.f__Lachnospiraceae.g__.Ruminococcus..gnavus.group, k__Bacteria.p__Firmicutes.c__Clostridia.o__Oscillospirales.f__.g__, k__Bacteria.p__Firmicutes.c__Clostridia.o__Oscillospirales.f__Hungateiclostridiaceae.g__Pseudobacteroides, k__Bacteria.p__Firmicutes.c__Clostridia.o__Oscillospirales.f__Oscillospiraceae.g__Oscillospira, k__Bacteria.p__Firmicutes.c__Clostridia.o__Oscillospirales.f__Oscillospiraceae.g__Pseudoflavonifractor, k__Bacteria.p__Firmicutes.c__Clostridia.o__Oscillospirales.f__Oscillospiraceae.g__UCG.005, k__Bacteria.p__Firmicutes.c__Clostridia.o__Oscillospirales.f__Ruminococcaceae.g__Caproiciproducens, k__Bacteria.p__Firmicutes.c__Clostridia.o__Oscillospirales.f__Ruminococcaceae.g__Faecalibacterium, k__Bacteria.p__Firmicutes.c__Clostridia.o__Peptostreptococcales.Tissierellales.f__Anaerovoracaceae.g__Anaerovorax, k__Bacteria.p__Firmicutes.c__Clostridia.o__Peptostreptococcales.Tissierellales.f__Anaerovoracaceae.g__Family.XIII.AD3011.group, k__Bacteria.p__Firmicutes.c__Clostridia.o__Peptostreptococcales.Tissierellales.f__Anaerovoracaceae.g__.Eubacterium..nodatum.group, k__Bacteria.p__Firmicutes.c__Clostridia.o__Peptostreptococcales.Tissierellales.f__Peptostreptococcaceae.g__Peptostreptococcus, k__Bacteria.p__Patescibacteria.c__Saccharimonadia.o__Saccharimonadales.f__Saccharimonadaceae.g__Candidatus.Saccharimonas, k__Bacteria.p__Proteobacteria.c__.o__.f__.g__, k__Bacteria.p__Proteobacteria.c__Alphaproteobacteria.o__Rhizobiales.f__Xanthobacteraceae.g__Bradyrhizobium, k__Bacteria.p__Proteobacteria.c__Alphaproteobacteria.o__Rickettsiales.f__Mitochondria.g__, k__Bacteria.p__Proteobacteria.c__Alphaproteobacteria.o__Sphingomonadales.f__Sphingomonadaceae.g__Sphingopyxis, k__Bacteria.p__Proteobacteria.c__Gammaproteobacteria.o__Enterobacterales.f__Enterobacteriaceae.g__, k__Bacteria.p__Proteobacteria.c__Gammaproteobacteria.o__Enterobacterales.f__Erwiniaceae.g__Pantoea, k__Bacteria.p__Proteobacteria.c__Gammaproteobacteria.o__Enterobacterales.f__Pasteurellaceae.g__Muribacter, k__Bacteria.p__Proteobacteria.c__Gammaproteobacteria.o__Pseudomonadales.f__Pseudomonadaceae.g__Pseudomonas, k__Bacteria.p__Proteobacteria.c__Gammaproteobacteria.o__Xanthomonadales.f__Xanthomonadaceae.g__Stenotrophomonas
2025-05-14 22:03:55.364245 INFO::Total filtered features with variance filtering: 0
2025-05-14 22:03:55.365384 INFO::Filtered feature names from variance filtering:
2025-05-14 22:03:55.366388 INFO::Running selected normalization method: TSS
2025-05-14 22:03:55.368573 INFO::Applying z-score to standardize continuous metadata
2025-05-14 22:03:55.37561 INFO::Running selected transform method: LOG
2025-05-14 22:03:55.379961 INFO::Running selected analysis method: LM
2025-05-14 22:03:55.383057 INFO::Fitting model to feature number 1, k__Bacteria.p__Actinobacteriota.c__Coriobacteriia.o__Coriobacteriales.f__Atopobiaceae.g__Coriobacteriaceae.UCG.002
2025-05-14 22:03:55.469304 INFO::Fitting model to feature number 2, k__Bacteria.p__Actinobacteriota.c__Coriobacteriia.o__Coriobacteriales.f__Eggerthellaceae.g__Enterorhabdus
2025-05-14 22:03:55.534504 INFO::Fitting model to feature number 3, k__Bacteria.p__Bacteroidota.c__Bacteroidia.o__Bacteroidales.f__Bacteroidaceae.g__Bacteroides
2025-05-14 22:03:55.653937 INFO::Fitting model to feature number 4, k__Bacteria.p__Bacteroidota.c__Bacteroidia.o__Bacteroidales.f__Marinifilaceae.g__Odoribacter
2025-05-14 22:03:55.896765 INFO::Fitting model to feature number 5, k__Bacteria.p__Bacteroidota.c__Bacteroidia.o__Bacteroidales.f__Muribaculaceae.g__
2025-05-14 22:03:56.136779 INFO::Fitting model to feature number 6, k__Bacteria.p__Bacteroidota.c__Bacteroidia.o__Bacteroidales.f__Muribaculaceae.g__Muribaculum
2025-05-14 22:03:56.367594 INFO::Fitting model to feature number 7, k__Bacteria.p__Bacteroidota.c__Bacteroidia.o__Bacteroidales.f__Rikenellaceae.g__Alistipes
2025-05-14 22:03:56.608994 INFO::Fitting model to feature number 8, k__Bacteria.p__Bacteroidota.c__Bacteroidia.o__Bacteroidales.f__Rikenellaceae.g__Rikenella
2025-05-14 22:03:56.811038 INFO::Fitting model to feature number 9, k__Bacteria.p__Bacteroidota.c__Bacteroidia.o__Bacteroidales.f__Rikenellaceae.g__Rikenellaceae.RC9.gut.group
2025-05-14 22:03:56.898245 INFO::Fitting model to feature number 10, k__Bacteria.p__Bacteroidota.c__Bacteroidia.o__Bacteroidales.f__Tannerellaceae.g__Parabacteroides
2025-05-14 22:03:57.080801 INFO::Fitting model to feature number 11, k__Bacteria.p__Cyanobacteria.c__Vampirivibrionia.o__Gastranaerophilales.f__.g__
2025-05-14 22:03:57.303749 INFO::Fitting model to feature number 12, k__Bacteria.p__Desulfobacterota.c__Desulfovibrionia.o__Desulfovibrionales.f__Desulfovibrionaceae.g__Bilophila
2025-05-14 22:03:57.416444 INFO::Fitting model to feature number 13, k__Bacteria.p__Desulfobacterota.c__Desulfovibrionia.o__Desulfovibrionales.f__Desulfovibrionaceae.g__Desulfovibrio
2025-05-14 22:03:57.658245 INFO::Fitting model to feature number 14, k__Bacteria.p__Firmicutes.c__Bacilli.o__Acholeplasmatales.f__Acholeplasmataceae.g__Anaeroplasma
2025-05-14 22:03:57.715851 INFO::Fitting model to feature number 15, k__Bacteria.p__Firmicutes.c__Bacilli.o__Erysipelotrichales.f__Erysipelatoclostridiaceae.g__Erysipelatoclostridium
2025-05-14 22:03:57.941646 INFO::Fitting model to feature number 16, k__Bacteria.p__Firmicutes.c__Bacilli.o__Erysipelotrichales.f__Erysipelotrichaceae.g__
2025-05-14 22:03:58.15477 INFO::Fitting model to feature number 17, k__Bacteria.p__Firmicutes.c__Bacilli.o__Erysipelotrichales.f__Erysipelotrichaceae.g__Faecalibaculum
2025-05-14 22:03:58.417524 INFO::Fitting model to feature number 18, k__Bacteria.p__Firmicutes.c__Bacilli.o__Erysipelotrichales.f__Erysipelotrichaceae.g__Turicibacter
2025-05-14 22:03:58.644409 INFO::Fitting model to feature number 19, k__Bacteria.p__Firmicutes.c__Bacilli.o__Lactobacillales.f__Lactobacillaceae.g__HT002
2025-05-14 22:03:58.825383 INFO::Fitting model to feature number 20, k__Bacteria.p__Firmicutes.c__Bacilli.o__Lactobacillales.f__Lactobacillaceae.g__Lactobacillus
2025-05-14 22:03:59.037598 INFO::Fitting model to feature number 21, k__Bacteria.p__Firmicutes.c__Bacilli.o__Lactobacillales.f__Lactobacillaceae.g__Ligilactobacillus
2025-05-14 22:03:59.128747 INFO::Fitting model to feature number 22, k__Bacteria.p__Firmicutes.c__Bacilli.o__Lactobacillales.f__Streptococcaceae.g__Streptococcus
2025-05-14 22:03:59.333392 INFO::Fitting model to feature number 23, k__Bacteria.p__Firmicutes.c__Bacilli.o__RF39.f__.g__
2025-05-14 22:03:59.566529 INFO::Fitting model to feature number 24, k__Bacteria.p__Firmicutes.c__Clostridia.o__Clostridia.UCG.014.f__.g__
2025-05-14 22:03:59.641248 INFO::Fitting model to feature number 25, k__Bacteria.p__Firmicutes.c__Clostridia.o__Clostridia.vadinBB60.group.f__.g__
2025-05-14 22:03:59.82161 INFO::Fitting model to feature number 26, k__Bacteria.p__Firmicutes.c__Clostridia.o__Clostridiales.f__Clostridiaceae.g__Candidatus.Arthromitus
2025-05-14 22:03:59.897218 INFO::Fitting model to feature number 27, k__Bacteria.p__Firmicutes.c__Clostridia.o__Clostridiales.f__Clostridiaceae.g__Clostridium.sensu.stricto.1
2025-05-14 22:04:00.083092 INFO::Fitting model to feature number 28, k__Bacteria.p__Firmicutes.c__Clostridia.o__Lachnospirales.f__Lachnospiraceae.g__
2025-05-14 22:04:00.31282 INFO::Fitting model to feature number 29, k__Bacteria.p__Firmicutes.c__Clostridia.o__Lachnospirales.f__Lachnospiraceae.g__A2
2025-05-14 22:04:00.407107 INFO::Fitting model to feature number 30, k__Bacteria.p__Firmicutes.c__Clostridia.o__Lachnospirales.f__Lachnospiraceae.g__ASF356
2025-05-14 22:04:00.62063 INFO::Fitting model to feature number 31, k__Bacteria.p__Firmicutes.c__Clostridia.o__Lachnospirales.f__Lachnospiraceae.g__Acetatifactor
2025-05-14 22:04:00.797 INFO::Fitting model to feature number 32, k__Bacteria.p__Firmicutes.c__Clostridia.o__Lachnospirales.f__Lachnospiraceae.g__GCA.900066575
2025-05-14 22:04:00.875379 INFO::Fitting model to feature number 33, k__Bacteria.p__Firmicutes.c__Clostridia.o__Lachnospirales.f__Lachnospiraceae.g__Lachnoclostridium
2025-05-14 22:04:01.10506 INFO::Fitting model to feature number 34, k__Bacteria.p__Firmicutes.c__Clostridia.o__Lachnospirales.f__Lachnospiraceae.g__Lachnospiraceae.FCS020.group
2025-05-14 22:04:01.298237 INFO::Fitting model to feature number 35, k__Bacteria.p__Firmicutes.c__Clostridia.o__Lachnospirales.f__Lachnospiraceae.g__Lachnospiraceae.NK4A136.group
2025-05-14 22:04:01.385113 INFO::Fitting model to feature number 36, k__Bacteria.p__Firmicutes.c__Clostridia.o__Lachnospirales.f__Lachnospiraceae.g__Lachnospiraceae.UCG.001
2025-05-14 22:04:01.565791 INFO::Fitting model to feature number 37, k__Bacteria.p__Firmicutes.c__Clostridia.o__Lachnospirales.f__Lachnospiraceae.g__Lachnospiraceae.UCG.002
2025-05-14 22:04:01.640283 INFO::Fitting model to feature number 38, k__Bacteria.p__Firmicutes.c__Clostridia.o__Lachnospirales.f__Lachnospiraceae.g__Lachnospiraceae.UCG.004
2025-05-14 22:04:01.858369 INFO::Fitting model to feature number 39, k__Bacteria.p__Firmicutes.c__Clostridia.o__Lachnospirales.f__Lachnospiraceae.g__Lachnospiraceae.UCG.006
2025-05-14 22:04:02.038992 INFO::Fitting model to feature number 40, k__Bacteria.p__Firmicutes.c__Clostridia.o__Lachnospirales.f__Lachnospiraceae.g__Marvinbryantia
2025-05-14 22:04:02.115539 INFO::Fitting model to feature number 41, k__Bacteria.p__Firmicutes.c__Clostridia.o__Lachnospirales.f__Lachnospiraceae.g__Roseburia
2025-05-14 22:04:02.288178 INFO::Fitting model to feature number 42, k__Bacteria.p__Firmicutes.c__Clostridia.o__Lachnospirales.f__Lachnospiraceae.g__Tuzzerella
2025-05-14 22:04:02.372751 INFO::Fitting model to feature number 43, k__Bacteria.p__Firmicutes.c__Clostridia.o__Lachnospirales.f__Lachnospiraceae.g__.Eubacterium..ventriosum.group
2025-05-14 22:04:02.575456 INFO::Fitting model to feature number 44, k__Bacteria.p__Firmicutes.c__Clostridia.o__Lachnospirales.f__Lachnospiraceae.g__.Eubacterium..xylanophilum.group
2025-05-14 22:04:02.789484 INFO::Fitting model to feature number 45, k__Bacteria.p__Firmicutes.c__Clostridia.o__Monoglobales.f__Monoglobaceae.g__Monoglobus
2025-05-14 22:04:02.866419 INFO::Fitting model to feature number 46, k__Bacteria.p__Firmicutes.c__Clostridia.o__Oscillospirales.f__Butyricicoccaceae.g__Butyricicoccus
2025-05-14 22:04:03.04888 INFO::Fitting model to feature number 47, k__Bacteria.p__Firmicutes.c__Clostridia.o__Oscillospirales.f__Butyricicoccaceae.g__UCG.009
2025-05-14 22:04:03.123589 INFO::Fitting model to feature number 48, k__Bacteria.p__Firmicutes.c__Clostridia.o__Oscillospirales.f__Oscillospiraceae.g__
2025-05-14 22:04:03.308548 INFO::Fitting model to feature number 49, k__Bacteria.p__Firmicutes.c__Clostridia.o__Oscillospirales.f__Oscillospiraceae.g__Colidextribacter
2025-05-14 22:04:03.595534 INFO::Fitting model to feature number 50, k__Bacteria.p__Firmicutes.c__Clostridia.o__Oscillospirales.f__Oscillospiraceae.g__Intestinimonas
2025-05-14 22:04:03.657478 INFO::Fitting model to feature number 51, k__Bacteria.p__Firmicutes.c__Clostridia.o__Oscillospirales.f__Oscillospiraceae.g__NK4A214.group
2025-05-14 22:04:03.712277 INFO::Fitting model to feature number 52, k__Bacteria.p__Firmicutes.c__Clostridia.o__Oscillospirales.f__Oscillospiraceae.g__Oscillibacter
2025-05-14 22:04:03.761504 INFO::Fitting model to feature number 53, k__Bacteria.p__Firmicutes.c__Clostridia.o__Oscillospirales.f__Oscillospiraceae.g__UCG.003
2025-05-14 22:04:03.813446 INFO::Fitting model to feature number 54, k__Bacteria.p__Firmicutes.c__Clostridia.o__Oscillospirales.f__Ruminococcaceae.g__
2025-05-14 22:04:03.912428 INFO::Fitting model to feature number 55, k__Bacteria.p__Firmicutes.c__Clostridia.o__Oscillospirales.f__Ruminococcaceae.g__Anaerotruncus
2025-05-14 22:04:04.110383 INFO::Fitting model to feature number 56, k__Bacteria.p__Firmicutes.c__Clostridia.o__Oscillospirales.f__Ruminococcaceae.g__Incertae.Sedis
2025-05-14 22:04:04.28978 INFO::Fitting model to feature number 57, k__Bacteria.p__Firmicutes.c__Clostridia.o__Oscillospirales.f__Ruminococcaceae.g__Ruminococcus
2025-05-14 22:04:04.377995 INFO::Fitting model to feature number 58, k__Bacteria.p__Firmicutes.c__Clostridia.o__Oscillospirales.f__Ruminococcaceae.g__UBA1819
2025-05-14 22:04:04.56151 INFO::Fitting model to feature number 59, k__Bacteria.p__Firmicutes.c__Clostridia.o__Oscillospirales.f__Ruminococcaceae.g__.Eubacterium..siraeum.group
2025-05-14 22:04:04.656682 INFO::Fitting model to feature number 60, k__Bacteria.p__Firmicutes.c__Clostridia.o__Oscillospirales.f__UCG.010.g__
2025-05-14 22:04:04.838596 INFO::Fitting model to feature number 61, k__Bacteria.p__Firmicutes.c__Clostridia.o__Oscillospirales.f__.Eubacterium..coprostanoligenes.group.g__
2025-05-14 22:04:05.05067 INFO::Fitting model to feature number 62, k__Bacteria.p__Firmicutes.c__Clostridia.o__Peptococcales.f__Peptococcaceae.g__
2025-05-14 22:04:05.1267 INFO::Fitting model to feature number 63, k__Bacteria.p__Firmicutes.c__Clostridia.o__Peptococcales.f__Peptococcaceae.g__Peptococcus
2025-05-14 22:04:05.32146 INFO::Fitting model to feature number 64, k__Bacteria.p__Firmicutes.c__Clostridia.o__Peptostreptococcales.Tissierellales.f__Anaerovoracaceae.g__Family.XIII.UCG.001
2025-05-14 22:04:05.434072 INFO::Fitting model to feature number 65, k__Bacteria.p__Firmicutes.c__Clostridia.o__Peptostreptococcales.Tissierellales.f__Anaerovoracaceae.g__.Eubacterium..brachy.group
2025-05-14 22:04:05.658037 INFO::Fitting model to feature number 66, k__Bacteria.p__Firmicutes.c__Clostridia.o__Peptostreptococcales.Tissierellales.f__Peptostreptococcaceae.g__Romboutsia
2025-05-14 22:04:05.837847 INFO::Fitting model to feature number 67, k__Bacteria.p__Proteobacteria.c__Alphaproteobacteria.o__Rhodospirillales.f__.g__
2025-05-14 22:04:05.921214 INFO::Fitting model to feature number 68, k__Bacteria.p__Proteobacteria.c__Gammaproteobacteria.o__Burkholderiales.f__Sutterellaceae.g__Parasutterella
2025-05-14 22:04:06.10228 INFO::Fitting model to feature number 69, k__Bacteria.p__Proteobacteria.c__Gammaproteobacteria.o__Enterobacterales.f__Enterobacteriaceae.g__Escherichia.Shigella
2025-05-14 22:04:06.182173 INFO::Fitting model to feature number 70, k__Bacteria.p__Verrucomicrobiota.c__Verrucomicrobiae.o__Verrucomicrobiales.f__Akkermansiaceae.g__Akkermansia
2025-05-14 22:04:06.573797 INFO::Counting total values for each feature
2025-05-14 22:04:06.585585 INFO::Writing filtered data to file /home/julianne/Documents/pdbehavior/Analysis_Files/PFF/PFF_Microbiome/differential_taxa/collapsed_ASV_tables/L6_Luminal_Colon_Maaslin2_Sex_Genotype_1-MouseID/features/filtered_data.tsv
2025-05-14 22:04:06.589546 INFO::Writing filtered, normalized data to file /home/julianne/Documents/pdbehavior/Analysis_Files/PFF/PFF_Microbiome/differential_taxa/collapsed_ASV_tables/L6_Luminal_Colon_Maaslin2_Sex_Genotype_1-MouseID/features/filtered_data_norm.tsv
2025-05-14 22:04:06.596038 INFO::Writing filtered, normalized, transformed data to file /home/julianne/Documents/pdbehavior/Analysis_Files/PFF/PFF_Microbiome/differential_taxa/collapsed_ASV_tables/L6_Luminal_Colon_Maaslin2_Sex_Genotype_1-MouseID/features/filtered_data_norm_transformed.tsv
2025-05-14 22:04:06.605169 INFO::Writing residuals to file /home/julianne/Documents/pdbehavior/Analysis_Files/PFF/PFF_Microbiome/differential_taxa/collapsed_ASV_tables/L6_Luminal_Colon_Maaslin2_Sex_Genotype_1-MouseID/fits/residuals.rds
2025-05-14 22:04:06.634381 INFO::Writing fitted values to file /home/julianne/Documents/pdbehavior/Analysis_Files/PFF/PFF_Microbiome/differential_taxa/collapsed_ASV_tables/L6_Luminal_Colon_Maaslin2_Sex_Genotype_1-MouseID/fits/fitted.rds
2025-05-14 22:04:06.637173 INFO::Writing extracted random effects to file /home/julianne/Documents/pdbehavior/Analysis_Files/PFF/PFF_Microbiome/differential_taxa/collapsed_ASV_tables/L6_Luminal_Colon_Maaslin2_Sex_Genotype_1-MouseID/fits/ranef.rds
2025-05-14 22:04:06.639409 INFO::Writing all results to file (ordered by increasing q-values): /home/julianne/Documents/pdbehavior/Analysis_Files/PFF/PFF_Microbiome/differential_taxa/collapsed_ASV_tables/L6_Luminal_Colon_Maaslin2_Sex_Genotype_1-MouseID/all_results.tsv
2025-05-14 22:04:06.644183 INFO::Writing the significant results (those which are less than or equal to the threshold of 0.250000 ) to file (ordered by increasing q-values): /home/julianne/Documents/pdbehavior/Analysis_Files/PFF/PFF_Microbiome/differential_taxa/collapsed_ASV_tables/L6_Luminal_Colon_Maaslin2_Sex_Genotype_1-MouseID/significant_results.tsv
