2025-05-15 07:43:35.419868 INFO::Writing function arguments to log file
2025-05-15 07:43:35.421546 DEBUG::Function arguments
2025-05-15 07:43:35.421913 DEBUG::Output folder: /home/julianne/Documents/pdbehavior/Analysis_Files/ASO/Microbiome/differential_pathway/PWY_Luminal_Colon_Maaslin2_Sex_Site_Genotype
2025-05-15 07:43:35.422194 DEBUG::Min Abundance: 0.000000
2025-05-15 07:43:35.422454 DEBUG::Min Prevalence: 0.150000
2025-05-15 07:43:35.422724 DEBUG::Normalization: TSS
2025-05-15 07:43:35.422973 DEBUG::Transform: LOG
2025-05-15 07:43:35.423206 DEBUG::Analysis method: LM
2025-05-15 07:43:35.423578 DEBUG::Max significance: 0.250000
2025-05-15 07:43:35.424064 DEBUG::Random effects:
2025-05-15 07:43:35.424571 DEBUG::Fixed effects: Sex,Site,Genotype
2025-05-15 07:43:35.425082 DEBUG::Correction method: BH
2025-05-15 07:43:35.425599 DEBUG::Standardize: TRUE
2025-05-15 07:43:35.426051 DEBUG::Cores: 1
2025-05-15 07:43:35.426832 INFO::Verifying options selected are valid
2025-05-15 07:43:35.428003 INFO::Determining format of input files
2025-05-15 07:43:35.429121 INFO::Input format is data samples as columns and metadata samples as rows
2025-05-15 07:43:35.432247 DEBUG::Transformed data so samples are rows
2025-05-15 07:43:35.433537 DEBUG::A total of 67 samples were found in both the data and metadata
2025-05-15 07:43:35.433897 DEBUG::Reordering data/metadata to use same sample ordering
2025-05-15 07:43:35.437374 INFO::Formula for fixed effects: expr ~  Sex + Site + Genotype
2025-05-15 07:43:35.438894 INFO::Factor detected for categorial metadata 'Sex'. Provide a reference argument or manually set factor ordering to change reference level.
2025-05-15 07:43:35.440914 INFO::Factor detected for categorial metadata 'Genotype'. Provide a reference argument or manually set factor ordering to change reference level.
2025-05-15 07:43:35.442358 INFO::Filter data based on min abundance and min prevalence
2025-05-15 07:43:35.443525 INFO::Total samples in data: 67
2025-05-15 07:43:35.444837 INFO::Min samples required with min abundance for a feature not to be filtered: 10.050000
2025-05-15 07:43:35.450659 INFO::Total filtered features: 89
2025-05-15 07:43:35.451744 INFO::Filtered feature names from abundance and prevalence filtering: X3.HYDROXYPHENYLACETATE.DEGRADATION.PWY, AEROBACTINSYN.PWY, ALL.CHORISMATE.PWY, ARGDEG.PWY, AST.PWY, CHLOROPHYLL.SYN, CRNFORCAT.PWY, DENITRIFICATION.PWY, DHGLUCONATE.PYR.CAT.PWY, ECASYN.PWY, ENTBACSYN.PWY, GALLATE.DEGRADATION.I.PWY, GALLATE.DEGRADATION.II.PWY, HCAMHPDEG.PWY, KDO.NAGLIPASYN.PWY, KETOGLUCONMET.PWY, METHGLYUT.PWY, METHYLGALLATE.DEGRADATION.PWY, NADSYN.PWY, ORNARGDEG.PWY, ORNDEG.PWY, P101.PWY, P184.PWY, P221.PWY, P261.PWY, P281.PWY, P381.PWY, P621.PWY, PWY.1422, PWY.1541, PWY.181, PWY.3661, PWY.5005, PWY.5028, PWY.5178, PWY.5180, PWY.5181, PWY.5182, PWY.5198, PWY.5415, PWY.5417, PWY.5419, PWY.5420, PWY.5430, PWY.5431, PWY.5507, PWY.5531, PWY.5651, PWY.5654, PWY.5741, PWY.5747, PWY.5823, PWY.5850, PWY.5860, PWY.5896, PWY.5941, PWY.6071, PWY.6107, PWY.6165, PWY.6182, PWY.6185, PWY.6338, PWY.6383, PWY.6397, PWY.6562, PWY.6629, PWY.6690, PWY.6728, PWY.6876, PWY.6906, PWY.6944, PWY.7007, PWY.7097, PWY.7098, PWY.7159, PWY.7198, PWY.7210, PWY.722, PWY.7255, PWY.7376, PWY.7446, PWY.7616, PWY0.1277, PWY0.1338, PWY0.321, PWY0.42, PWY1G.0, THREOCAT.PWY, TYRFUMCAT.PWY
2025-05-15 07:43:35.459153 INFO::Total filtered features with variance filtering: 0
2025-05-15 07:43:35.461175 INFO::Filtered feature names from variance filtering:
2025-05-15 07:43:35.462948 INFO::Running selected normalization method: TSS
2025-05-15 07:43:35.46911 INFO::Applying z-score to standardize continuous metadata
2025-05-15 07:43:35.474927 INFO::Running selected transform method: LOG
2025-05-15 07:43:35.509901 INFO::Running selected analysis method: LM
2025-05-15 07:43:35.512494 INFO::Fitting model to feature number 1, X1CMET2.PWY
2025-05-15 07:43:35.516385 INFO::Fitting model to feature number 2, ANAEROFRUCAT.PWY
2025-05-15 07:43:35.519941 INFO::Fitting model to feature number 3, ANAGLYCOLYSIS.PWY
2025-05-15 07:43:35.526215 INFO::Fitting model to feature number 4, ARG.POLYAMINE.SYN
2025-05-15 07:43:35.531363 INFO::Fitting model to feature number 5, ARGORNPROST.PWY
2025-05-15 07:43:35.536218 INFO::Fitting model to feature number 6, ARGSYN.PWY
2025-05-15 07:43:35.54033 INFO::Fitting model to feature number 7, ARGSYNBSUB.PWY
2025-05-15 07:43:35.54516 INFO::Fitting model to feature number 8, ARO.PWY
2025-05-15 07:43:35.552312 INFO::Fitting model to feature number 9, ASPASN.PWY
2025-05-15 07:43:35.559054 INFO::Fitting model to feature number 10, BIOTIN.BIOSYNTHESIS.PWY
2025-05-15 07:43:35.567833 INFO::Fitting model to feature number 11, BRANCHED.CHAIN.AA.SYN.PWY
2025-05-15 07:43:35.5723 INFO::Fitting model to feature number 12, CALVIN.PWY
2025-05-15 07:43:35.576979 INFO::Fitting model to feature number 13, CATECHOL.ORTHO.CLEAVAGE.PWY
2025-05-15 07:43:35.580814 INFO::Fitting model to feature number 14, CENTFERM.PWY
2025-05-15 07:43:35.584413 INFO::Fitting model to feature number 15, COA.PWY
2025-05-15 07:43:35.588114 INFO::Fitting model to feature number 16, COBALSYN.PWY
2025-05-15 07:43:35.591848 INFO::Fitting model to feature number 17, CODH.PWY
2025-05-15 07:43:35.595475 INFO::Fitting model to feature number 18, COLANSYN.PWY
2025-05-15 07:43:35.599778 INFO::Fitting model to feature number 19, COMPLETE.ARO.PWY
2025-05-15 07:43:35.791118 INFO::Fitting model to feature number 20, DAPLYSINESYN.PWY
2025-05-15 07:43:35.796594 INFO::Fitting model to feature number 21, DENOVOPURINE2.PWY
2025-05-15 07:43:35.802398 INFO::Fitting model to feature number 22, DTDPRHAMSYN.PWY
2025-05-15 07:43:35.807083 INFO::Fitting model to feature number 23, FAO.PWY
2025-05-15 07:43:35.812501 INFO::Fitting model to feature number 24, FASYN.ELONG.PWY
2025-05-15 07:43:35.81839 INFO::Fitting model to feature number 25, FASYN.INITIAL.PWY
2025-05-15 07:43:35.823136 INFO::Fitting model to feature number 26, FERMENTATION.PWY
2025-05-15 07:43:35.828444 INFO::Fitting model to feature number 27, FOLSYN.PWY
2025-05-15 07:43:35.834277 INFO::Fitting model to feature number 28, FUC.RHAMCAT.PWY
2025-05-15 07:43:36.02644 INFO::Fitting model to feature number 29, FUCCAT.PWY
2025-05-15 07:43:36.031329 INFO::Fitting model to feature number 30, GALACT.GLUCUROCAT.PWY
2025-05-15 07:43:36.036364 INFO::Fitting model to feature number 31, GALACTARDEG.PWY
2025-05-15 07:43:36.040954 INFO::Fitting model to feature number 32, GALACTUROCAT.PWY
2025-05-15 07:43:36.046084 INFO::Fitting model to feature number 33, GLCMANNANAUT.PWY
2025-05-15 07:43:36.051105 INFO::Fitting model to feature number 34, GLUCARDEG.PWY
2025-05-15 07:43:36.055838 INFO::Fitting model to feature number 35, GLUCARGALACTSUPER.PWY
2025-05-15 07:43:36.061163 INFO::Fitting model to feature number 36, GLUCONEO.PWY
2025-05-15 07:43:36.06862 INFO::Fitting model to feature number 37, GLUCOSE1PMETAB.PWY
2025-05-15 07:43:36.073928 INFO::Fitting model to feature number 38, GLUCUROCAT.PWY
2025-05-15 07:43:36.080223 INFO::Fitting model to feature number 39, GLUTORN.PWY
2025-05-15 07:43:36.08472 INFO::Fitting model to feature number 40, GLYCOCAT.PWY
2025-05-15 07:43:36.089261 INFO::Fitting model to feature number 41, GLYCOGENSYNTH.PWY
2025-05-15 07:43:36.094976 INFO::Fitting model to feature number 42, GLYCOL.GLYOXDEG.PWY
2025-05-15 07:43:36.100478 INFO::Fitting model to feature number 43, GLYCOLYSIS
2025-05-15 07:43:36.105397 INFO::Fitting model to feature number 44, GLYCOLYSIS.E.D
2025-05-15 07:43:36.1103 INFO::Fitting model to feature number 45, GLYCOLYSIS.TCA.GLYOX.BYPASS
2025-05-15 07:43:36.115647 INFO::Fitting model to feature number 46, GLYOXYLATE.BYPASS
2025-05-15 07:43:36.120298 INFO::Fitting model to feature number 47, GOLPDLCAT.PWY
2025-05-15 07:43:36.319825 INFO::Fitting model to feature number 48, HEME.BIOSYNTHESIS.II
2025-05-15 07:43:36.32644 INFO::Fitting model to feature number 49, HEMESYN2.PWY
2025-05-15 07:43:36.331524 INFO::Fitting model to feature number 50, HEXITOLDEGSUPER.PWY
2025-05-15 07:43:36.336262 INFO::Fitting model to feature number 51, HISDEG.PWY
2025-05-15 07:43:36.341047 INFO::Fitting model to feature number 52, HISTSYN.PWY
2025-05-15 07:43:36.346002 INFO::Fitting model to feature number 53, HOMOSER.METSYN.PWY
2025-05-15 07:43:36.350501 INFO::Fitting model to feature number 54, HSERMETANA.PWY
2025-05-15 07:43:36.354725 INFO::Fitting model to feature number 55, ILEUSYN.PWY
2025-05-15 07:43:36.358854 INFO::Fitting model to feature number 56, LACTOSECAT.PWY
2025-05-15 07:43:36.363341 INFO::Fitting model to feature number 57, LEU.DEG2.PWY
2025-05-15 07:43:36.54069 INFO::Fitting model to feature number 58, MET.SAM.PWY
2025-05-15 07:43:36.545041 INFO::Fitting model to feature number 59, METH.ACETATE.PWY
2025-05-15 07:43:36.549235 INFO::Fitting model to feature number 60, NAD.BIOSYNTHESIS.II
2025-05-15 07:43:36.554123 INFO::Fitting model to feature number 61, NAGLIPASYN.PWY
2025-05-15 07:43:36.557869 INFO::Fitting model to feature number 62, NONMEVIPP.PWY
2025-05-15 07:43:36.561914 INFO::Fitting model to feature number 63, NONOXIPENT.PWY
2025-05-15 07:43:36.566218 INFO::Fitting model to feature number 64, OANTIGEN.PWY
2025-05-15 07:43:36.569375 INFO::Fitting model to feature number 65, P105.PWY
2025-05-15 07:43:36.5728 INFO::Fitting model to feature number 66, P108.PWY
2025-05-15 07:43:36.576692 INFO::Fitting model to feature number 67, P122.PWY
2025-05-15 07:43:36.58014 INFO::Fitting model to feature number 68, P124.PWY
2025-05-15 07:43:36.583802 INFO::Fitting model to feature number 69, P125.PWY
2025-05-15 07:43:36.58757 INFO::Fitting model to feature number 70, P161.PWY
2025-05-15 07:43:36.790849 INFO::Fitting model to feature number 71, P162.PWY
2025-05-15 07:43:36.795585 INFO::Fitting model to feature number 72, P163.PWY
2025-05-15 07:43:36.802026 INFO::Fitting model to feature number 73, P164.PWY
2025-05-15 07:43:36.806235 INFO::Fitting model to feature number 74, P23.PWY
2025-05-15 07:43:36.811982 INFO::Fitting model to feature number 75, P341.PWY
2025-05-15 07:43:36.817622 INFO::Fitting model to feature number 76, P4.PWY
2025-05-15 07:43:36.821981 INFO::Fitting model to feature number 77, P42.PWY
2025-05-15 07:43:36.826899 INFO::Fitting model to feature number 78, P441.PWY
2025-05-15 07:43:36.987345 INFO::Fitting model to feature number 79, P461.PWY
2025-05-15 07:43:37.022702 INFO::Fitting model to feature number 80, P562.PWY
2025-05-15 07:43:37.029154 INFO::Fitting model to feature number 81, PANTO.PWY
2025-05-15 07:43:37.035333 INFO::Fitting model to feature number 82, PANTOSYN.PWY
2025-05-15 07:43:37.039085 INFO::Fitting model to feature number 83, PENTOSE.P.PWY
2025-05-15 07:43:37.043355 INFO::Fitting model to feature number 84, PEPTIDOGLYCANSYN.PWY
2025-05-15 07:43:37.047667 INFO::Fitting model to feature number 85, PHOSLIPSYN.PWY
2025-05-15 07:43:37.051469 INFO::Fitting model to feature number 86, POLYAMINSYN3.PWY
2025-05-15 07:43:37.055621 INFO::Fitting model to feature number 87, POLYAMSYN.PWY
2025-05-15 07:43:37.060604 INFO::Fitting model to feature number 88, POLYISOPRENSYN.PWY
2025-05-15 07:43:37.257558 INFO::Fitting model to feature number 89, PPGPPMET.PWY
2025-05-15 07:43:37.264231 INFO::Fitting model to feature number 90, PROTOCATECHUATE.ORTHO.CLEAVAGE.PWY
2025-05-15 07:43:37.269301 INFO::Fitting model to feature number 91, PRPP.PWY
2025-05-15 07:43:37.27316 INFO::Fitting model to feature number 92, PWY.1269
2025-05-15 07:43:37.278281 INFO::Fitting model to feature number 93, PWY.1861
2025-05-15 07:43:37.284158 INFO::Fitting model to feature number 94, PWY.2941
2025-05-15 07:43:37.28857 INFO::Fitting model to feature number 95, PWY.2942
2025-05-15 07:43:37.293663 INFO::Fitting model to feature number 96, PWY.3001
2025-05-15 07:43:37.299443 INFO::Fitting model to feature number 97, PWY.3781
2025-05-15 07:43:37.304892 INFO::Fitting model to feature number 98, PWY.4984
2025-05-15 07:43:37.501896 INFO::Fitting model to feature number 99, PWY.5022
2025-05-15 07:43:37.507759 INFO::Fitting model to feature number 100, PWY.5097
2025-05-15 07:43:37.514047 INFO::Fitting model to feature number 101, PWY.5100
2025-05-15 07:43:37.519987 INFO::Fitting model to feature number 102, PWY.5101
2025-05-15 07:43:37.524946 INFO::Fitting model to feature number 103, PWY.5103
2025-05-15 07:43:37.529196 INFO::Fitting model to feature number 104, PWY.5104
2025-05-15 07:43:37.533633 INFO::Fitting model to feature number 105, PWY.5121
2025-05-15 07:43:37.538834 INFO::Fitting model to feature number 106, PWY.5154
2025-05-15 07:43:37.823422 INFO::Fitting model to feature number 107, PWY.5177
2025-05-15 07:43:37.831868 INFO::Fitting model to feature number 108, PWY.5188
2025-05-15 07:43:37.839791 INFO::Fitting model to feature number 109, PWY.5189
2025-05-15 07:43:37.845572 INFO::Fitting model to feature number 110, PWY.5265
2025-05-15 07:43:37.851005 INFO::Fitting model to feature number 111, PWY.5304
2025-05-15 07:43:37.857504 INFO::Fitting model to feature number 112, PWY.5345
2025-05-15 07:43:37.863238 INFO::Fitting model to feature number 113, PWY.5347
2025-05-15 07:43:37.869382 INFO::Fitting model to feature number 114, PWY.5384
2025-05-15 07:43:38.067319 INFO::Fitting model to feature number 115, PWY.5484
2025-05-15 07:43:38.072439 INFO::Fitting model to feature number 116, PWY.5505
2025-05-15 07:43:38.077446 INFO::Fitting model to feature number 117, PWY.5509
2025-05-15 07:43:38.084093 INFO::Fitting model to feature number 118, PWY.5659
2025-05-15 07:43:38.089433 INFO::Fitting model to feature number 119, PWY.5667
2025-05-15 07:43:38.095091 INFO::Fitting model to feature number 120, PWY.5676
2025-05-15 07:43:38.100659 INFO::Fitting model to feature number 121, PWY.5677
2025-05-15 07:43:38.106157 INFO::Fitting model to feature number 122, PWY.5686
2025-05-15 07:43:38.111828 INFO::Fitting model to feature number 123, PWY.5695
2025-05-15 07:43:38.308842 INFO::Fitting model to feature number 124, PWY.5705
2025-05-15 07:43:38.31354 INFO::Fitting model to feature number 125, PWY.5837
2025-05-15 07:43:38.319462 INFO::Fitting model to feature number 126, PWY.5838
2025-05-15 07:43:38.32513 INFO::Fitting model to feature number 127, PWY.5840
2025-05-15 07:43:38.331257 INFO::Fitting model to feature number 128, PWY.5845
2025-05-15 07:43:38.337372 INFO::Fitting model to feature number 129, PWY.5855
2025-05-15 07:43:38.344017 INFO::Fitting model to feature number 130, PWY.5856
2025-05-15 07:43:38.349506 INFO::Fitting model to feature number 131, PWY.5857
2025-05-15 07:43:38.550202 INFO::Fitting model to feature number 132, PWY.5861
2025-05-15 07:43:38.556626 INFO::Fitting model to feature number 133, PWY.5862
2025-05-15 07:43:38.561314 INFO::Fitting model to feature number 134, PWY.5863
2025-05-15 07:43:38.565802 INFO::Fitting model to feature number 135, PWY.5897
2025-05-15 07:43:38.570042 INFO::Fitting model to feature number 136, PWY.5898
2025-05-15 07:43:38.573979 INFO::Fitting model to feature number 137, PWY.5899
2025-05-15 07:43:38.578676 INFO::Fitting model to feature number 138, PWY.5910
2025-05-15 07:43:38.583257 INFO::Fitting model to feature number 139, PWY.5913
2025-05-15 07:43:38.587399 INFO::Fitting model to feature number 140, PWY.5918
2025-05-15 07:43:38.591617 INFO::Fitting model to feature number 141, PWY.5920
2025-05-15 07:43:38.597499 INFO::Fitting model to feature number 142, PWY.5971
2025-05-15 07:43:38.797694 INFO::Fitting model to feature number 143, PWY.5973
2025-05-15 07:43:38.802469 INFO::Fitting model to feature number 144, PWY.5989
2025-05-15 07:43:38.807617 INFO::Fitting model to feature number 145, PWY.6121
2025-05-15 07:43:38.812461 INFO::Fitting model to feature number 146, PWY.6122
2025-05-15 07:43:38.816792 INFO::Fitting model to feature number 147, PWY.6123
2025-05-15 07:43:38.821071 INFO::Fitting model to feature number 148, PWY.6125
2025-05-15 07:43:38.825104 INFO::Fitting model to feature number 149, PWY.6126
2025-05-15 07:43:38.828862 INFO::Fitting model to feature number 150, PWY.6147
2025-05-15 07:43:38.833041 INFO::Fitting model to feature number 151, PWY.6151
2025-05-15 07:43:38.836708 INFO::Fitting model to feature number 152, PWY.6163
2025-05-15 07:43:38.840725 INFO::Fitting model to feature number 153, PWY.621
2025-05-15 07:43:39.02202 INFO::Fitting model to feature number 154, PWY.6263
2025-05-15 07:43:39.027636 INFO::Fitting model to feature number 155, PWY.6269
2025-05-15 07:43:39.032394 INFO::Fitting model to feature number 156, PWY.6277
2025-05-15 07:43:39.036996 INFO::Fitting model to feature number 157, PWY.6282
2025-05-15 07:43:39.040424 INFO::Fitting model to feature number 158, PWY.6317
2025-05-15 07:43:39.044913 INFO::Fitting model to feature number 159, PWY.6353
2025-05-15 07:43:39.049635 INFO::Fitting model to feature number 160, PWY.6385
2025-05-15 07:43:39.058558 INFO::Fitting model to feature number 161, PWY.6386
2025-05-15 07:43:39.062706 INFO::Fitting model to feature number 162, PWY.6387
2025-05-15 07:43:39.066552 INFO::Fitting model to feature number 163, PWY.6396
2025-05-15 07:43:39.236471 INFO::Fitting model to feature number 164, PWY.6467
2025-05-15 07:43:39.240592 INFO::Fitting model to feature number 165, PWY.6470
2025-05-15 07:43:39.245485 INFO::Fitting model to feature number 166, PWY.6471
2025-05-15 07:43:39.25037 INFO::Fitting model to feature number 167, PWY.6478
2025-05-15 07:43:39.253835 INFO::Fitting model to feature number 168, PWY.6507
2025-05-15 07:43:39.257967 INFO::Fitting model to feature number 169, PWY.6519
2025-05-15 07:43:39.261729 INFO::Fitting model to feature number 170, PWY.6545
2025-05-15 07:43:39.265755 INFO::Fitting model to feature number 171, PWY.6572
2025-05-15 07:43:39.269448 INFO::Fitting model to feature number 172, PWY.6588
2025-05-15 07:43:39.273507 INFO::Fitting model to feature number 173, PWY.6590
2025-05-15 07:43:39.278253 INFO::Fitting model to feature number 174, PWY.6608
2025-05-15 07:43:39.31279 INFO::Fitting model to feature number 175, PWY.6609
2025-05-15 07:43:39.316639 INFO::Fitting model to feature number 176, PWY.6612
2025-05-15 07:43:39.320558 INFO::Fitting model to feature number 177, PWY.6628
2025-05-15 07:43:39.324429 INFO::Fitting model to feature number 178, PWY.6630
2025-05-15 07:43:39.328642 INFO::Fitting model to feature number 179, PWY.6700
2025-05-15 07:43:39.332561 INFO::Fitting model to feature number 180, PWY.6703
2025-05-15 07:43:39.338625 INFO::Fitting model to feature number 181, PWY.6708
2025-05-15 07:43:39.344893 INFO::Fitting model to feature number 182, PWY.6737
2025-05-15 07:43:39.351718 INFO::Fitting model to feature number 183, PWY.6749
2025-05-15 07:43:39.356285 INFO::Fitting model to feature number 184, PWY.6891
2025-05-15 07:43:39.360245 INFO::Fitting model to feature number 185, PWY.6892
2025-05-15 07:43:39.364295 INFO::Fitting model to feature number 186, PWY.6895
2025-05-15 07:43:39.368091 INFO::Fitting model to feature number 187, PWY.6897
2025-05-15 07:43:39.372088 INFO::Fitting model to feature number 188, PWY.6901
2025-05-15 07:43:39.375781 INFO::Fitting model to feature number 189, PWY.6969
2025-05-15 07:43:39.380597 INFO::Fitting model to feature number 190, PWY.7003
2025-05-15 07:43:39.38695 INFO::Fitting model to feature number 191, PWY.7013
2025-05-15 07:43:39.39225 INFO::Fitting model to feature number 192, PWY.7090
2025-05-15 07:43:39.397253 INFO::Fitting model to feature number 193, PWY.7094
2025-05-15 07:43:39.402701 INFO::Fitting model to feature number 194, PWY.7111
2025-05-15 07:43:39.406663 INFO::Fitting model to feature number 195, PWY.7184
2025-05-15 07:43:39.58793 INFO::Fitting model to feature number 196, PWY.7187
2025-05-15 07:43:39.592221 INFO::Fitting model to feature number 197, PWY.7196
2025-05-15 07:43:39.597526 INFO::Fitting model to feature number 198, PWY.7197
2025-05-15 07:43:39.603606 INFO::Fitting model to feature number 199, PWY.7199
2025-05-15 07:43:39.608175 INFO::Fitting model to feature number 200, PWY.7200
2025-05-15 07:43:39.613594 INFO::Fitting model to feature number 201, PWY.7208
2025-05-15 07:43:39.619132 INFO::Fitting model to feature number 202, PWY.7211
2025-05-15 07:43:39.624229 INFO::Fitting model to feature number 203, PWY.7219
2025-05-15 07:43:39.629391 INFO::Fitting model to feature number 204, PWY.7220
2025-05-15 07:43:39.634881 INFO::Fitting model to feature number 205, PWY.7221
2025-05-15 07:43:39.640386 INFO::Fitting model to feature number 206, PWY.7222
2025-05-15 07:43:39.646459 INFO::Fitting model to feature number 207, PWY.7228
2025-05-15 07:43:39.653052 INFO::Fitting model to feature number 208, PWY.7229
2025-05-15 07:43:39.657766 INFO::Fitting model to feature number 209, PWY.7234
2025-05-15 07:43:39.663 INFO::Fitting model to feature number 210, PWY.7237
2025-05-15 07:43:39.668549 INFO::Fitting model to feature number 211, PWY.7242
2025-05-15 07:43:39.6739 INFO::Fitting model to feature number 212, PWY.7254
2025-05-15 07:43:39.679163 INFO::Fitting model to feature number 213, PWY.7315
2025-05-15 07:43:39.684952 INFO::Fitting model to feature number 214, PWY.7323
2025-05-15 07:43:39.881568 INFO::Fitting model to feature number 215, PWY.7328
2025-05-15 07:43:39.887134 INFO::Fitting model to feature number 216, PWY.7332
2025-05-15 07:43:39.891101 INFO::Fitting model to feature number 217, PWY.7371
2025-05-15 07:43:39.895895 INFO::Fitting model to feature number 218, PWY.7374
2025-05-15 07:43:39.900406 INFO::Fitting model to feature number 219, PWY.7377
2025-05-15 07:43:39.90414 INFO::Fitting model to feature number 220, PWY.7392
2025-05-15 07:43:39.907993 INFO::Fitting model to feature number 221, PWY.7400
2025-05-15 07:43:39.911339 INFO::Fitting model to feature number 222, PWY.7431
2025-05-15 07:43:39.915518 INFO::Fitting model to feature number 223, PWY.7456
2025-05-15 07:43:39.918839 INFO::Fitting model to feature number 224, PWY.7539
2025-05-15 07:43:39.922629 INFO::Fitting model to feature number 225, PWY.7560
2025-05-15 07:43:39.926552 INFO::Fitting model to feature number 226, PWY.7663
2025-05-15 07:43:40.11441 INFO::Fitting model to feature number 227, PWY.7664
2025-05-15 07:43:40.119837 INFO::Fitting model to feature number 228, PWY.841
2025-05-15 07:43:40.123968 INFO::Fitting model to feature number 229, PWY.922
2025-05-15 07:43:40.128614 INFO::Fitting model to feature number 230, PWY0.1061
2025-05-15 07:43:40.132575 INFO::Fitting model to feature number 231, PWY0.1241
2025-05-15 07:43:40.136852 INFO::Fitting model to feature number 232, PWY0.1261
2025-05-15 07:43:40.140679 INFO::Fitting model to feature number 233, PWY0.1296
2025-05-15 07:43:40.144109 INFO::Fitting model to feature number 234, PWY0.1297
2025-05-15 07:43:40.149024 INFO::Fitting model to feature number 235, PWY0.1298
2025-05-15 07:43:40.153694 INFO::Fitting model to feature number 236, PWY0.1319
2025-05-15 07:43:40.157737 INFO::Fitting model to feature number 237, PWY0.1415
2025-05-15 07:43:40.336056 INFO::Fitting model to feature number 238, PWY0.1479
2025-05-15 07:43:40.341401 INFO::Fitting model to feature number 239, PWY0.1533
2025-05-15 07:43:40.346062 INFO::Fitting model to feature number 240, PWY0.1586
2025-05-15 07:43:40.351378 INFO::Fitting model to feature number 241, PWY0.162
2025-05-15 07:43:40.355052 INFO::Fitting model to feature number 242, PWY0.166
2025-05-15 07:43:40.358912 INFO::Fitting model to feature number 243, PWY0.41
2025-05-15 07:43:40.362998 INFO::Fitting model to feature number 244, PWY0.781
2025-05-15 07:43:40.366822 INFO::Fitting model to feature number 245, PWY0.845
2025-05-15 07:43:40.370852 INFO::Fitting model to feature number 246, PWY0.862
2025-05-15 07:43:40.37505 INFO::Fitting model to feature number 247, PWY490.3
2025-05-15 07:43:40.380574 INFO::Fitting model to feature number 248, PWY4FS.7
2025-05-15 07:43:40.571563 INFO::Fitting model to feature number 249, PWY4FS.8
2025-05-15 07:43:40.577064 INFO::Fitting model to feature number 250, PWYG.321
2025-05-15 07:43:40.581586 INFO::Fitting model to feature number 251, PYRIDNUCSAL.PWY
2025-05-15 07:43:40.58583 INFO::Fitting model to feature number 252, PYRIDNUCSYN.PWY
2025-05-15 07:43:40.592079 INFO::Fitting model to feature number 253, PYRIDOXSYN.PWY
2025-05-15 07:43:40.597001 INFO::Fitting model to feature number 254, REDCITCYC
2025-05-15 07:43:40.601317 INFO::Fitting model to feature number 255, RHAMCAT.PWY
2025-05-15 07:43:40.606241 INFO::Fitting model to feature number 256, RIBOSYN2.PWY
2025-05-15 07:43:40.612742 INFO::Fitting model to feature number 257, RUMP.PWY
2025-05-15 07:43:40.618217 INFO::Fitting model to feature number 258, SALVADEHYPOX.PWY
2025-05-15 07:43:40.865888 INFO::Fitting model to feature number 259, SER.GLYSYN.PWY
2025-05-15 07:43:40.87102 INFO::Fitting model to feature number 260, SO4ASSIM.PWY
2025-05-15 07:43:40.875406 INFO::Fitting model to feature number 261, SULFATE.CYS.PWY
2025-05-15 07:43:40.902953 INFO::Fitting model to feature number 262, TCA
2025-05-15 07:43:40.909998 INFO::Fitting model to feature number 263, TCA.GLYOX.BYPASS
2025-05-15 07:43:41.093325 INFO::Fitting model to feature number 264, TEICHOICACID.PWY
2025-05-15 07:43:41.100152 INFO::Fitting model to feature number 265, THISYN.PWY
2025-05-15 07:43:41.104684 INFO::Fitting model to feature number 266, THRESYN.PWY
2025-05-15 07:43:41.110274 INFO::Fitting model to feature number 267, TRNA.CHARGING.PWY
2025-05-15 07:43:41.117234 INFO::Fitting model to feature number 268, TRPSYN.PWY
2025-05-15 07:43:41.12232 INFO::Fitting model to feature number 269, UBISYN.PWY
2025-05-15 07:43:41.126366 INFO::Fitting model to feature number 270, UDPNAGSYN.PWY
2025-05-15 07:43:41.13086 INFO::Fitting model to feature number 271, VALSYN.PWY
2025-05-15 07:43:41.518888 INFO::Counting total values for each feature
2025-05-15 07:43:41.567845 INFO::Writing filtered data to file /home/julianne/Documents/pdbehavior/Analysis_Files/ASO/Microbiome/differential_pathway/PWY_Luminal_Colon_Maaslin2_Sex_Site_Genotype/features/filtered_data.tsv
2025-05-15 07:43:41.592749 INFO::Writing filtered, normalized data to file /home/julianne/Documents/pdbehavior/Analysis_Files/ASO/Microbiome/differential_pathway/PWY_Luminal_Colon_Maaslin2_Sex_Site_Genotype/features/filtered_data_norm.tsv
2025-05-15 07:43:41.616683 INFO::Writing filtered, normalized, transformed data to file /home/julianne/Documents/pdbehavior/Analysis_Files/ASO/Microbiome/differential_pathway/PWY_Luminal_Colon_Maaslin2_Sex_Site_Genotype/features/filtered_data_norm_transformed.tsv
2025-05-15 07:43:41.641109 INFO::Writing residuals to file /home/julianne/Documents/pdbehavior/Analysis_Files/ASO/Microbiome/differential_pathway/PWY_Luminal_Colon_Maaslin2_Sex_Site_Genotype/fits/residuals.rds
2025-05-15 07:43:41.655846 INFO::Writing fitted values to file /home/julianne/Documents/pdbehavior/Analysis_Files/ASO/Microbiome/differential_pathway/PWY_Luminal_Colon_Maaslin2_Sex_Site_Genotype/fits/fitted.rds
2025-05-15 07:43:41.65969 INFO::Writing all results to file (ordered by increasing q-values): /home/julianne/Documents/pdbehavior/Analysis_Files/ASO/Microbiome/differential_pathway/PWY_Luminal_Colon_Maaslin2_Sex_Site_Genotype/all_results.tsv
2025-05-15 07:43:41.668993 INFO::Writing the significant results (those which are less than or equal to the threshold of 0.250000 ) to file (ordered by increasing q-values): /home/julianne/Documents/pdbehavior/Analysis_Files/ASO/Microbiome/differential_pathway/PWY_Luminal_Colon_Maaslin2_Sex_Site_Genotype/significant_results.tsv
