2025-05-06 08:03:06.943054 INFO::Writing function arguments to log file
2025-05-06 08:03:06.944284 DEBUG::Function arguments
2025-05-06 08:03:06.944867 DEBUG::Output folder: /home/julianne/Documents/pdbehavior/Analysis_Files/ASO/Microbiome/differential_taxa/L2_Colon_Maaslin2_Sex_Genotype
2025-05-06 08:03:06.945414 DEBUG::Min Abundance: 0.000000
2025-05-06 08:03:06.945733 DEBUG::Min Prevalence: 0.150000
2025-05-06 08:03:06.946017 DEBUG::Normalization: TSS
2025-05-06 08:03:06.946273 DEBUG::Transform: LOG
2025-05-06 08:03:06.946534 DEBUG::Analysis method: LM
2025-05-06 08:03:06.946776 DEBUG::Max significance: 0.250000
2025-05-06 08:03:06.947016 DEBUG::Random effects:
2025-05-06 08:03:06.947547 DEBUG::Fixed effects: Sex,Genotype
2025-05-06 08:03:07.070953 DEBUG::Correction method: BH
2025-05-06 08:03:07.098617 DEBUG::Standardize: TRUE
2025-05-06 08:03:07.099062 DEBUG::Cores: 1
2025-05-06 08:03:07.099342 INFO::Verifying options selected are valid
2025-05-06 08:03:07.100972 INFO::Determining format of input files
2025-05-06 08:03:07.102162 INFO::Input format is data samples as columns and metadata samples as rows
2025-05-06 08:03:07.103661 DEBUG::Transformed data so samples are rows
2025-05-06 08:03:07.104604 DEBUG::A total of 33 samples were found in both the data and metadata
2025-05-06 08:03:07.105125 DEBUG::Reordering data/metadata to use same sample ordering
2025-05-06 08:03:07.105971 INFO::Formula for fixed effects: expr ~  Sex + Genotype
2025-05-06 08:03:07.107221 INFO::Factor detected for categorial metadata 'Sex'. Provide a reference argument or manually set factor ordering to change reference level.
2025-05-06 08:03:07.108829 INFO::Factor detected for categorial metadata 'Genotype'. Provide a reference argument or manually set factor ordering to change reference level.
2025-05-06 08:03:07.110117 INFO::Filter data based on min abundance and min prevalence
2025-05-06 08:03:07.111141 INFO::Total samples in data: 33
2025-05-06 08:03:07.11203 INFO::Min samples required with min abundance for a feature not to be filtered: 4.950000
2025-05-06 08:03:07.113616 INFO::Total filtered features: 3
2025-05-06 08:03:07.11472 INFO::Filtered feature names from abundance and prevalence filtering: k__.p__, k__Bacteria.p__, k__Bacteria.p__Patescibacteria
2025-05-06 08:03:07.11584 INFO::Total filtered features with variance filtering: 0
2025-05-06 08:03:07.116644 INFO::Filtered feature names from variance filtering:
2025-05-06 08:03:07.117375 INFO::Running selected normalization method: TSS
2025-05-06 08:03:07.118583 INFO::Applying z-score to standardize continuous metadata
2025-05-06 08:03:07.122779 INFO::Running selected transform method: LOG
2025-05-06 08:03:07.124403 INFO::Running selected analysis method: LM
2025-05-06 08:03:07.12632 INFO::Fitting model to feature number 1, k__Bacteria.p__Bacillota
2025-05-06 08:03:07.131886 INFO::Fitting model to feature number 2, k__Bacteria.p__Bacteroidota
2025-05-06 08:03:07.136951 INFO::Fitting model to feature number 3, k__Bacteria.p__Thermodesulfobacteriota
2025-05-06 08:03:07.143884 INFO::Fitting model to feature number 4, k__Bacteria.p__Verrucomicrobiota
2025-05-06 08:03:07.270849 INFO::Fitting model to feature number 5, k__Bacteria.p__Pseudomonadota
2025-05-06 08:03:07.278261 INFO::Fitting model to feature number 6, k__Bacteria.p__Actinomycetota
2025-05-06 08:03:07.282754 INFO::Fitting model to feature number 7, k__Bacteria.p__Cyanobacteriota
2025-05-06 08:03:07.2911 INFO::Counting total values for each feature
2025-05-06 08:03:07.294518 INFO::Writing filtered data to file /home/julianne/Documents/pdbehavior/Analysis_Files/ASO/Microbiome/differential_taxa/L2_Colon_Maaslin2_Sex_Genotype/features/filtered_data.tsv
2025-05-06 08:03:07.2965 INFO::Writing filtered, normalized data to file /home/julianne/Documents/pdbehavior/Analysis_Files/ASO/Microbiome/differential_taxa/L2_Colon_Maaslin2_Sex_Genotype/features/filtered_data_norm.tsv
2025-05-06 08:03:07.298607 INFO::Writing filtered, normalized, transformed data to file /home/julianne/Documents/pdbehavior/Analysis_Files/ASO/Microbiome/differential_taxa/L2_Colon_Maaslin2_Sex_Genotype/features/filtered_data_norm_transformed.tsv
2025-05-06 08:03:07.300396 INFO::Writing residuals to file /home/julianne/Documents/pdbehavior/Analysis_Files/ASO/Microbiome/differential_taxa/L2_Colon_Maaslin2_Sex_Genotype/fits/residuals.rds
2025-05-06 08:03:07.301542 INFO::Writing fitted values to file /home/julianne/Documents/pdbehavior/Analysis_Files/ASO/Microbiome/differential_taxa/L2_Colon_Maaslin2_Sex_Genotype/fits/fitted.rds
2025-05-06 08:03:07.30264 INFO::Writing all results to file (ordered by increasing q-values): /home/julianne/Documents/pdbehavior/Analysis_Files/ASO/Microbiome/differential_taxa/L2_Colon_Maaslin2_Sex_Genotype/all_results.tsv
2025-05-06 08:03:07.304369 INFO::Writing the significant results (those which are less than or equal to the threshold of 0.250000 ) to file (ordered by increasing q-values): /home/julianne/Documents/pdbehavior/Analysis_Files/ASO/Microbiome/differential_taxa/L2_Colon_Maaslin2_Sex_Genotype/significant_results.tsv
