2025-05-06 08:02:11.086801 INFO::Writing function arguments to log file
2025-05-06 08:02:11.087771 DEBUG::Function arguments
2025-05-06 08:02:11.08808 DEBUG::Output folder: /home/julianne/Documents/pdbehavior/Analysis_Files/ASO/Microbiome/differential_taxa/L2_Colon_Maaslin2_Genotype
2025-05-06 08:02:11.08834 DEBUG::Min Abundance: 0.000000
2025-05-06 08:02:11.088583 DEBUG::Min Prevalence: 0.150000
2025-05-06 08:02:11.088935 DEBUG::Normalization: TSS
2025-05-06 08:02:11.089176 DEBUG::Transform: LOG
2025-05-06 08:02:11.089434 DEBUG::Analysis method: LM
2025-05-06 08:02:11.089751 DEBUG::Max significance: 0.250000
2025-05-06 08:02:11.090059 DEBUG::Random effects:
2025-05-06 08:02:11.090353 DEBUG::Fixed effects: Genotype
2025-05-06 08:02:11.337349 DEBUG::Correction method: BH
2025-05-06 08:02:11.363918 DEBUG::Standardize: TRUE
2025-05-06 08:02:11.364774 DEBUG::Cores: 1
2025-05-06 08:02:11.365242 INFO::Verifying options selected are valid
2025-05-06 08:02:11.366945 INFO::Determining format of input files
2025-05-06 08:02:11.368033 INFO::Input format is data samples as columns and metadata samples as rows
2025-05-06 08:02:11.370328 DEBUG::Transformed data so samples are rows
2025-05-06 08:02:11.371213 DEBUG::A total of 33 samples were found in both the data and metadata
2025-05-06 08:02:11.371673 DEBUG::Reordering data/metadata to use same sample ordering
2025-05-06 08:02:11.372397 INFO::Formula for fixed effects: expr ~  Genotype
2025-05-06 08:02:11.374069 INFO::Factor detected for categorial metadata 'Genotype'. Provide a reference argument or manually set factor ordering to change reference level.
2025-05-06 08:02:11.375236 INFO::Filter data based on min abundance and min prevalence
2025-05-06 08:02:11.376174 INFO::Total samples in data: 33
2025-05-06 08:02:11.377253 INFO::Min samples required with min abundance for a feature not to be filtered: 4.950000
2025-05-06 08:02:11.378493 INFO::Total filtered features: 3
2025-05-06 08:02:11.379936 INFO::Filtered feature names from abundance and prevalence filtering: k__.p__, k__Bacteria.p__, k__Bacteria.p__Patescibacteria
2025-05-06 08:02:11.381937 INFO::Total filtered features with variance filtering: 0
2025-05-06 08:02:11.383402 INFO::Filtered feature names from variance filtering:
2025-05-06 08:02:11.384739 INFO::Running selected normalization method: TSS
2025-05-06 08:02:11.386447 INFO::Applying z-score to standardize continuous metadata
2025-05-06 08:02:11.39173 INFO::Running selected transform method: LOG
2025-05-06 08:02:11.393599 INFO::Running selected analysis method: LM
2025-05-06 08:02:11.395376 INFO::Fitting model to feature number 1, k__Bacteria.p__Bacillota
2025-05-06 08:02:11.400133 INFO::Fitting model to feature number 2, k__Bacteria.p__Bacteroidota
2025-05-06 08:02:11.40468 INFO::Fitting model to feature number 3, k__Bacteria.p__Thermodesulfobacteriota
2025-05-06 08:02:11.409339 INFO::Fitting model to feature number 4, k__Bacteria.p__Verrucomicrobiota
2025-05-06 08:02:11.545911 INFO::Fitting model to feature number 5, k__Bacteria.p__Pseudomonadota
2025-05-06 08:02:11.569399 INFO::Fitting model to feature number 6, k__Bacteria.p__Actinomycetota
2025-05-06 08:02:11.573722 INFO::Fitting model to feature number 7, k__Bacteria.p__Cyanobacteriota
2025-05-06 08:02:11.581988 INFO::Counting total values for each feature
2025-05-06 08:02:11.584594 INFO::Writing filtered data to file /home/julianne/Documents/pdbehavior/Analysis_Files/ASO/Microbiome/differential_taxa/L2_Colon_Maaslin2_Genotype/features/filtered_data.tsv
2025-05-06 08:02:11.587099 INFO::Writing filtered, normalized data to file /home/julianne/Documents/pdbehavior/Analysis_Files/ASO/Microbiome/differential_taxa/L2_Colon_Maaslin2_Genotype/features/filtered_data_norm.tsv
2025-05-06 08:02:11.58881 INFO::Writing filtered, normalized, transformed data to file /home/julianne/Documents/pdbehavior/Analysis_Files/ASO/Microbiome/differential_taxa/L2_Colon_Maaslin2_Genotype/features/filtered_data_norm_transformed.tsv
2025-05-06 08:02:11.590445 INFO::Writing residuals to file /home/julianne/Documents/pdbehavior/Analysis_Files/ASO/Microbiome/differential_taxa/L2_Colon_Maaslin2_Genotype/fits/residuals.rds
2025-05-06 08:02:11.591663 INFO::Writing fitted values to file /home/julianne/Documents/pdbehavior/Analysis_Files/ASO/Microbiome/differential_taxa/L2_Colon_Maaslin2_Genotype/fits/fitted.rds
2025-05-06 08:02:11.592842 INFO::Writing all results to file (ordered by increasing q-values): /home/julianne/Documents/pdbehavior/Analysis_Files/ASO/Microbiome/differential_taxa/L2_Colon_Maaslin2_Genotype/all_results.tsv
2025-05-06 08:02:11.594571 INFO::Writing the significant results (those which are less than or equal to the threshold of 0.250000 ) to file (ordered by increasing q-values): /home/julianne/Documents/pdbehavior/Analysis_Files/ASO/Microbiome/differential_taxa/L2_Colon_Maaslin2_Genotype/significant_results.tsv
