2025-05-06 08:03:11.256977 INFO::Writing function arguments to log file
2025-05-06 08:03:11.258333 DEBUG::Function arguments
2025-05-06 08:03:11.258779 DEBUG::Output folder: /home/julianne/Documents/pdbehavior/Analysis_Files/ASO/Microbiome/differential_taxa/L2_Luminal_Colon_Maaslin2_Sex_Genotype
2025-05-06 08:03:11.259153 DEBUG::Min Abundance: 0.000000
2025-05-06 08:03:11.259527 DEBUG::Min Prevalence: 0.150000
2025-05-06 08:03:11.25988 DEBUG::Normalization: TSS
2025-05-06 08:03:11.260212 DEBUG::Transform: LOG
2025-05-06 08:03:11.26055 DEBUG::Analysis method: LM
2025-05-06 08:03:11.260914 DEBUG::Max significance: 0.250000
2025-05-06 08:03:11.261311 DEBUG::Random effects:
2025-05-06 08:03:11.261701 DEBUG::Fixed effects: Sex,Genotype
2025-05-06 08:03:11.262028 DEBUG::Correction method: BH
2025-05-06 08:03:11.262364 DEBUG::Standardize: TRUE
2025-05-06 08:03:11.262954 DEBUG::Cores: 1
2025-05-06 08:03:11.263281 INFO::Verifying options selected are valid
2025-05-06 08:03:11.264521 INFO::Determining format of input files
2025-05-06 08:03:11.265892 INFO::Input format is data samples as columns and metadata samples as rows
2025-05-06 08:03:11.268028 DEBUG::Transformed data so samples are rows
2025-05-06 08:03:11.268764 DEBUG::A total of 67 samples were found in both the data and metadata
2025-05-06 08:03:11.2692 DEBUG::Reordering data/metadata to use same sample ordering
2025-05-06 08:03:11.270762 INFO::Formula for fixed effects: expr ~  Sex + Genotype
2025-05-06 08:03:11.272679 INFO::Factor detected for categorial metadata 'Sex'. Provide a reference argument or manually set factor ordering to change reference level.
2025-05-06 08:03:11.274583 INFO::Factor detected for categorial metadata 'Genotype'. Provide a reference argument or manually set factor ordering to change reference level.
2025-05-06 08:03:11.276389 INFO::Filter data based on min abundance and min prevalence
2025-05-06 08:03:11.278443 INFO::Total samples in data: 67
2025-05-06 08:03:11.279861 INFO::Min samples required with min abundance for a feature not to be filtered: 10.050000
2025-05-06 08:03:11.281883 INFO::Total filtered features: 3
2025-05-06 08:03:11.484768 INFO::Filtered feature names from abundance and prevalence filtering: k__.p__, k__Bacteria.p__, k__Bacteria.p__Patescibacteria
2025-05-06 08:03:11.527359 INFO::Total filtered features with variance filtering: 0
2025-05-06 08:03:11.528684 INFO::Filtered feature names from variance filtering:
2025-05-06 08:03:11.529593 INFO::Running selected normalization method: TSS
2025-05-06 08:03:11.531221 INFO::Applying z-score to standardize continuous metadata
2025-05-06 08:03:11.536687 INFO::Running selected transform method: LOG
2025-05-06 08:03:11.53863 INFO::Running selected analysis method: LM
2025-05-06 08:03:11.540575 INFO::Fitting model to feature number 1, k__Bacteria.p__Bacillota
2025-05-06 08:03:11.546317 INFO::Fitting model to feature number 2, k__Bacteria.p__Bacteroidota
2025-05-06 08:03:11.552063 INFO::Fitting model to feature number 3, k__Bacteria.p__Thermodesulfobacteriota
2025-05-06 08:03:11.5571 INFO::Fitting model to feature number 4, k__Bacteria.p__Verrucomicrobiota
2025-05-06 08:03:11.56209 INFO::Fitting model to feature number 5, k__Bacteria.p__Pseudomonadota
2025-05-06 08:03:11.567209 INFO::Fitting model to feature number 6, k__Bacteria.p__Actinomycetota
2025-05-06 08:03:11.570958 INFO::Fitting model to feature number 7, k__Bacteria.p__Cyanobacteriota
2025-05-06 08:03:11.733352 INFO::Counting total values for each feature
2025-05-06 08:03:11.73667 INFO::Writing filtered data to file /home/julianne/Documents/pdbehavior/Analysis_Files/ASO/Microbiome/differential_taxa/L2_Luminal_Colon_Maaslin2_Sex_Genotype/features/filtered_data.tsv
2025-05-06 08:03:11.739166 INFO::Writing filtered, normalized data to file /home/julianne/Documents/pdbehavior/Analysis_Files/ASO/Microbiome/differential_taxa/L2_Luminal_Colon_Maaslin2_Sex_Genotype/features/filtered_data_norm.tsv
2025-05-06 08:03:11.741742 INFO::Writing filtered, normalized, transformed data to file /home/julianne/Documents/pdbehavior/Analysis_Files/ASO/Microbiome/differential_taxa/L2_Luminal_Colon_Maaslin2_Sex_Genotype/features/filtered_data_norm_transformed.tsv
2025-05-06 08:03:11.744465 INFO::Writing residuals to file /home/julianne/Documents/pdbehavior/Analysis_Files/ASO/Microbiome/differential_taxa/L2_Luminal_Colon_Maaslin2_Sex_Genotype/fits/residuals.rds
2025-05-06 08:03:11.74688 INFO::Writing fitted values to file /home/julianne/Documents/pdbehavior/Analysis_Files/ASO/Microbiome/differential_taxa/L2_Luminal_Colon_Maaslin2_Sex_Genotype/fits/fitted.rds
2025-05-06 08:03:11.748774 INFO::Writing all results to file (ordered by increasing q-values): /home/julianne/Documents/pdbehavior/Analysis_Files/ASO/Microbiome/differential_taxa/L2_Luminal_Colon_Maaslin2_Sex_Genotype/all_results.tsv
2025-05-06 08:03:11.751189 INFO::Writing the significant results (those which are less than or equal to the threshold of 0.250000 ) to file (ordered by increasing q-values): /home/julianne/Documents/pdbehavior/Analysis_Files/ASO/Microbiome/differential_taxa/L2_Luminal_Colon_Maaslin2_Sex_Genotype/significant_results.tsv
