2025-06-14 16:18:32.340248 INFO::Writing function arguments to log file
2025-06-14 16:18:32.341815 DEBUG::Function arguments
2025-06-14 16:18:32.342489 DEBUG::Output folder: /home/julianne/Documents/pdbehavior/results/ASO/differential_taxa/L2_Colon_Maaslin2_Genotype
2025-06-14 16:18:32.343071 DEBUG::Min Abundance: 0.000000
2025-06-14 16:18:32.343633 DEBUG::Min Prevalence: 0.150000
2025-06-14 16:18:32.344231 DEBUG::Normalization: TSS
2025-06-14 16:18:32.344823 DEBUG::Transform: LOG
2025-06-14 16:18:32.345394 DEBUG::Analysis method: LM
2025-06-14 16:18:32.345956 DEBUG::Max significance: 0.250000
2025-06-14 16:18:32.346497 DEBUG::Random effects:
2025-06-14 16:18:32.347085 DEBUG::Fixed effects: Genotype
2025-06-14 16:18:32.347783 DEBUG::Correction method: BH
2025-06-14 16:18:32.348382 DEBUG::Standardize: TRUE
2025-06-14 16:18:32.349005 DEBUG::Cores: 1
2025-06-14 16:18:32.349573 INFO::Verifying options selected are valid
2025-06-14 16:18:32.351188 INFO::Determining format of input files
2025-06-14 16:18:32.352753 INFO::Input format is data samples as columns and metadata samples as rows
2025-06-14 16:18:32.354553 DEBUG::Transformed data so samples are rows
2025-06-14 16:18:32.355415 DEBUG::A total of 32 samples were found in both the data and metadata
2025-06-14 16:18:32.356063 DEBUG::Reordering data/metadata to use same sample ordering
2025-06-14 16:18:32.357228 INFO::Formula for fixed effects: expr ~  Genotype
2025-06-14 16:18:32.358935 INFO::Factor detected for categorial metadata 'Genotype'. Provide a reference argument or manually set factor ordering to change reference level.
2025-06-14 16:18:32.360305 INFO::Filter data based on min abundance and min prevalence
2025-06-14 16:18:32.36194 INFO::Total samples in data: 32
2025-06-14 16:18:32.363297 INFO::Min samples required with min abundance for a feature not to be filtered: 4.800000
2025-06-14 16:18:32.365384 INFO::Total filtered features: 3
2025-06-14 16:18:32.366757 INFO::Filtered feature names from abundance and prevalence filtering: k__.p__, k__Bacteria.p__, k__Bacteria.p__Patescibacteria
2025-06-14 16:18:32.36862 INFO::Total filtered features with variance filtering: 0
2025-06-14 16:18:32.370055 INFO::Filtered feature names from variance filtering:
2025-06-14 16:18:32.371537 INFO::Running selected normalization method: TSS
2025-06-14 16:18:32.373657 INFO::Applying z-score to standardize continuous metadata
2025-06-14 16:18:32.37869 INFO::Running selected transform method: LOG
2025-06-14 16:18:32.380723 INFO::Running selected analysis method: LM
2025-06-14 16:18:32.382943 INFO::Fitting model to feature number 1, k__Bacteria.p__Bacillota
2025-06-14 16:18:32.388129 INFO::Fitting model to feature number 2, k__Bacteria.p__Bacteroidota
2025-06-14 16:18:32.393095 INFO::Fitting model to feature number 3, k__Bacteria.p__Thermodesulfobacteriota
2025-06-14 16:18:32.398835 INFO::Fitting model to feature number 4, k__Bacteria.p__Verrucomicrobiota
2025-06-14 16:18:32.403453 INFO::Fitting model to feature number 5, k__Bacteria.p__Pseudomonadota
2025-06-14 16:18:32.408067 INFO::Fitting model to feature number 6, k__Bacteria.p__Actinomycetota
2025-06-14 16:18:32.412911 INFO::Fitting model to feature number 7, k__Bacteria.p__Cyanobacteriota
2025-06-14 16:18:32.422127 INFO::Counting total values for each feature
2025-06-14 16:18:32.425405 INFO::Writing filtered data to file /home/julianne/Documents/pdbehavior/results/ASO/differential_taxa/L2_Colon_Maaslin2_Genotype/features/filtered_data.tsv
2025-06-14 16:18:32.427944 INFO::Writing filtered, normalized data to file /home/julianne/Documents/pdbehavior/results/ASO/differential_taxa/L2_Colon_Maaslin2_Genotype/features/filtered_data_norm.tsv
2025-06-14 16:18:32.430909 INFO::Writing filtered, normalized, transformed data to file /home/julianne/Documents/pdbehavior/results/ASO/differential_taxa/L2_Colon_Maaslin2_Genotype/features/filtered_data_norm_transformed.tsv
2025-06-14 16:18:32.43383 INFO::Writing residuals to file /home/julianne/Documents/pdbehavior/results/ASO/differential_taxa/L2_Colon_Maaslin2_Genotype/fits/residuals.rds
2025-06-14 16:18:32.435895 INFO::Writing fitted values to file /home/julianne/Documents/pdbehavior/results/ASO/differential_taxa/L2_Colon_Maaslin2_Genotype/fits/fitted.rds
2025-06-14 16:18:32.437884 INFO::Writing all results to file (ordered by increasing q-values): /home/julianne/Documents/pdbehavior/results/ASO/differential_taxa/L2_Colon_Maaslin2_Genotype/all_results.tsv
2025-06-14 16:18:32.440758 INFO::Writing the significant results (those which are less than or equal to the threshold of 0.250000 ) to file (ordered by increasing q-values): /home/julianne/Documents/pdbehavior/results/ASO/differential_taxa/L2_Colon_Maaslin2_Genotype/significant_results.tsv
