2025-06-14 16:18:35.815212 INFO::Writing function arguments to log file
2025-06-14 16:18:35.817385 DEBUG::Function arguments
2025-06-14 16:18:35.818185 DEBUG::Output folder: /home/julianne/Documents/pdbehavior/results/ASO/differential_taxa/L6_Jejunum_Maaslin2_Sex_Genotype
2025-06-14 16:18:35.818765 DEBUG::Min Abundance: 0.000000
2025-06-14 16:18:35.821206 DEBUG::Min Prevalence: 0.150000
2025-06-14 16:18:35.821754 DEBUG::Normalization: TSS
2025-06-14 16:18:35.822212 DEBUG::Transform: LOG
2025-06-14 16:18:35.823301 DEBUG::Analysis method: LM
2025-06-14 16:18:35.82403 DEBUG::Max significance: 0.250000
2025-06-14 16:18:35.824536 DEBUG::Random effects:
2025-06-14 16:18:35.824986 DEBUG::Fixed effects: Sex,Genotype
2025-06-14 16:18:35.826097 DEBUG::Correction method: BH
2025-06-14 16:18:35.826605 DEBUG::Standardize: TRUE
2025-06-14 16:18:35.827214 DEBUG::Cores: 1
2025-06-14 16:18:35.827727 INFO::Verifying options selected are valid
2025-06-14 16:18:35.829511 INFO::Determining format of input files
2025-06-14 16:18:35.831912 INFO::Input format is data samples as columns and metadata samples as rows
2025-06-14 16:18:35.834212 DEBUG::Transformed data so samples are rows
2025-06-14 16:18:35.835409 DEBUG::A total of 33 samples were found in both the data and metadata
2025-06-14 16:18:35.836325 DEBUG::Reordering data/metadata to use same sample ordering
2025-06-14 16:18:35.838674 INFO::Formula for fixed effects: expr ~  Sex + Genotype
2025-06-14 16:18:35.839813 INFO::Factor detected for categorial metadata 'Sex'. Provide a reference argument or manually set factor ordering to change reference level.
2025-06-14 16:18:35.84174 INFO::Factor detected for categorial metadata 'Genotype'. Provide a reference argument or manually set factor ordering to change reference level.
2025-06-14 16:18:35.843548 INFO::Filter data based on min abundance and min prevalence
2025-06-14 16:18:35.844765 INFO::Total samples in data: 33
2025-06-14 16:18:35.84653 INFO::Min samples required with min abundance for a feature not to be filtered: 4.950000
2025-06-14 16:18:35.850178 INFO::Total filtered features: 73
2025-06-14 16:18:35.851568 INFO::Filtered feature names from abundance and prevalence filtering: k__Bacteria.p__Bacillota.c__Bacilli.o__Staphylococcales.f__Staphylococcaceae.g__Mammaliicoccus, k__Bacteria.p__Bacteroidota.c__Bacteroidia.o__Bacteroidales.f__Prevotellaceae.g__Prevotellaceae.UCG.001, k__Bacteria.p__Bacillota.c__Clostridia.o__Lachnospirales.f__Lachnospiraceae.g__Extibacter, k__Bacteria.p__Bacillota.c__Clostridia.o__Lachnospirales.f__Lachnospiraceae.g__Lachnospiraceae.AC2044.group, k__Bacteria.p__Bacillota.c__Clostridia.o__Lachnospirales.f__Lachnospiraceae.g__Lachnospiraceae.FCS020.group, k__Bacteria.p__Bacillota.c__Clostridia.o__Oscillospirales.f__Butyricicoccaceae.g__Agathobaculum, k__Bacteria.p__Bacillota.c__Clostridia.o__Peptococcales.f__Peptococcaceae.g__, k__Bacteria.p__Bacillota.c__Clostridia.o__Lachnospirales.f__Lachnospiraceae.g__.Eubacterium..xylanophilum.group, k__Bacteria.p__Bacillota.c__Clostridia.o__Oscillospirales.f__Oscillospiraceae.g__Colidextribacter, k__Bacteria.p__Bacillota.c__Clostridia.o__Lachnospirales.f__Lachnospiraceae.g__Dorea, k__Bacteria.p__Bacillota.c__Clostridia.o__Lachnospirales.f__Lachnospiraceae.g__Blautia, k__Bacteria.p__Bacillota.c__Clostridia.o__Oscillospirales.f__Ruminococcaceae.g__Ruminococcus, k__Bacteria.p__Bacillota.c__Clostridia.o__Oscillospirales.f__Ruminococcaceae.g__Acutalibacter, k__Bacteria.p__Bacillota.c__Clostridia.o__Lachnospirales.f__Lachnospiraceae.g__GCA.900066575, k__Bacteria.p__Bacillota.c__Clostridia.o__Oscillospirales.f__Oscillospiraceae.g__, k__Bacteria.p__Bacillota.c__Clostridia.o__Oscillospirales.f__Oscillospiraceae.g__Intestinimonas, k__Bacteria.p__Bacillota.c__Clostridia.o__Lachnospirales.f__Lachnospiraceae.g__Lachnospiraceae.UCG.002, k__Bacteria.p__Bacillota.c__Bacilli.o__Erysipelotrichales.f__Erysipelatoclostridiaceae.g__Thomasclavelia, k__Bacteria.p__Bacillota.c__Clostridia.o__Oscillospirales.f__Ruminococcaceae.g__, k__Bacteria.p__Bacillota.c__Clostridia.o__Lachnospirales.f__Lachnospiraceae.g__Lachnospiraceae.UCG.004, k__Bacteria.p__Bacillota.c__Bacilli.o__Erysipelotrichales.f__Erysipelotrichaceae.g__, k__Bacteria.p__Bacillota.c__Clostridia.o__Peptostreptococcales.Tissierellales.f__Anaerovoracaceae.g__Family.XIII.UCG.001, k__Bacteria.p__Cyanobacteriota.c__Vampirivibrionia.o__Gastranaerophilales.f__Gastranaerophilaceae.g__, k__Bacteria.p__Bacillota.c__Clostridia.o__Oscillospirales.f__Ruminococcaceae.g__.Eubacterium..siraeum.group, k__Bacteria.p__Bacillota.c__Clostridia.o__Oscillospirales.f__UCG.010.g__, k__Bacteria.p__Bacillota.c__Bacilli.o__RF39.f__.g__, k__Bacteria.p__Bacillota.c__Clostridia.o__Christensenellales.f__Christensenellaceae.g__Christensenellaceae.R.7.group, k__Bacteria.p__Bacillota.c__Clostridia.o__Oscillospirales.f__Oscillospiraceae.g__UCG.003, k__Bacteria.p__Cyanobacteriota.c__Vampirivibrionia.o__Gastranaerophilales.f__Gastranaerophilaceae.g__Zag_111, k__Bacteria.p__Bacillota.c__Clostridia.o__Monoglobales.f__Monoglobaceae.g__Monoglobus, k__Bacteria.p__Bacillota.c__Clostridia.o__Peptostreptococcales.Tissierellales.f__Anaerovoracaceae.g__.Eubacterium..brachy.group, k__Bacteria.p__Bacillota.c__Clostridia.o__Peptococcales.f__Peptococcaceae.g__Peptococcus, k__Bacteria.p__Bacillota.c__Bacilli.o__Erysipelotrichales.f__Erysipelatoclostridiaceae.g__, k__Bacteria.p__Pseudomonadota.c__Alphaproteobacteria.o__Rhodospirillales.f__.g__, k__Bacteria.p__Bacillota.c__Clostridia.o__Oscillospirales.f__Oscillospiraceae.g__NK4A214.group, k__Bacteria.p__Bacillota.c__Clostridia.o__Lachnospirales.f__Lachnospiraceae.g__Acetatifactor, k__Bacteria.p__Pseudomonadota.c__Alphaproteobacteria.o__Rickettsiales.f__Mitochondria.g__, k__Bacteria.p__Bacillota.c__Clostridia.o__Oscillospirales.f__Ruminococcaceae.g__Ruthenibacterium, k__Bacteria.p__Pseudomonadota.c__Gammaproteobacteria.o__Enterobacterales.f__Pasteurellaceae.g__Muribacter, k__Bacteria.p__Bacillota.c__Clostridia.o__Oscillospirales.f__Ruminococcaceae.g__Anaerotruncus, k__Bacteria.p__Pseudomonadota.c__Gammaproteobacteria.o__Pseudomonadales.f__Moraxellaceae.g__Acinetobacter, k__Bacteria.p__Pseudomonadota.c__Gammaproteobacteria.o__Pseudomonadales.f__Pseudomonadaceae.g__Pseudomonas, k__Bacteria.p__Bacillota.c__Clostridia.o__Christensenellales.f__Christensenellaceae.g__, k__Bacteria.p__Bacillota.c__Clostridia.o__Eubacteriales.f__Anaerofustaceae.g__Anaerofustis, k__Bacteria.p__Bacillota.c__Clostridia.o__Oscillospirales.f__Oscillospiraceae.g__Oscillospira, k__.p__.c__.o__.f__.g__, k__Bacteria.p__Bacillota.c__Bacilli.o__Lactobacillales.f__.g__, k__Bacteria.p__Pseudomonadota.c__Gammaproteobacteria.o__Lysobacterales.f__Lysobacteraceae.g__Xanthomonas, k__Bacteria.p__Bacillota.c__Clostridia.o__Peptostreptococcales.Tissierellales.f__Anaerovoracaceae.g__, k__Bacteria.p__Bacillota.c__Clostridia.o__Oscillospirales.f__Oscillospiraceae.g__UCG.005, k__Bacteria.p__.c__.o__.f__.g__, k__Bacteria.p__Pseudomonadota.c__Gammaproteobacteria.o__Burkholderiales.f__Sutterellaceae.g__Parasutterella, k__Bacteria.p__Bacillota.c__Clostridia.o__Lachnospirales.f__Defluviitaleaceae.g__Defluviitaleaceae.UCG.011, k__Bacteria.p__Bacillota.c__Clostridia.o__Peptostreptococcales.Tissierellales.f__Peptostreptococcaceae.g__Peptostreptococcus, k__Bacteria.p__Cyanobacteriota.c__Cyanobacteriia.o__Chloroplast.f__.g__, k__Bacteria.p__Pseudomonadota.c__Gammaproteobacteria.o__Enterobacterales.f__Erwiniaceae.g__Pantoea, k__Bacteria.p__Bacillota.c__Clostridia.o__Oscillospirales.f__Butyricicoccaceae.g__UCG.009, k__Bacteria.p__Actinomycetota.c__Coriobacteriia.o__Coriobacteriales.f__Eggerthellaceae.g__, k__Bacteria.p__Bacillota.c__Clostridia.o__Lachnospirales.f__Lachnospiraceae.g__Lachnospiraceae.UCG.010, k__Bacteria.p__Pseudomonadota.c__Gammaproteobacteria.o__Burkholderiales.f__Oxalobacteraceae.g__Herminiimonas, k__Bacteria.p__Pseudomonadota.c__Gammaproteobacteria.o__Burkholderiales.f__Comamonadaceae.g__Delftia, k__Bacteria.p__Pseudomonadota.c__Alphaproteobacteria.o__Hyphomicrobiales.f__Rhizobiaceae.g__Agrobacterium, k__Bacteria.p__Bacillota.c__Bacilli.o__.f__.g__, k__Bacteria.p__Bacillota.c__Clostridia.o__Peptostreptococcales.Tissierellales.f__Peptostreptococcaceae.g__Romboutsia, k__Bacteria.p__Bacillota.c__Clostridia.o__.f__.g__, k__Bacteria.p__Pseudomonadota.c__Alphaproteobacteria.o__Hyphomicrobiales.f__Xanthobacteraceae.g__Bradyrhizobium, k__Bacteria.p__Bacillota.c__Bacilli.o__Lactobacillales.f__Lactobacillaceae.g__, k__Bacteria.p__Pseudomonadota.c__Alphaproteobacteria.o__Caulobacterales.f__Caulobacteraceae.g__Brevundimonas, k__Bacteria.p__Bacillota.c__Bacilli.o__Lactobacillales.f__Lactobacillaceae.g__Leuconostoc, k__Bacteria.p__Actinomycetota.c__Actinobacteria.o__Mycobacteriales.f__.g__, k__Bacteria.p__Bacillota.c__Bacilli.o__Lactobacillales.f__Enterococcaceae.g__, k__Bacteria.p__Patescibacteria.c__Saccharimonadia.o__Saccharimonadales.f__Saccharimonadaceae.g__Candidatus.Saccharimonas, k__Bacteria.p__Bacteroidota.c__Bacteroidia.o__Bacteroidales.f__.g__
2025-06-14 16:18:35.85491 INFO::Total filtered features with variance filtering: 0
2025-06-14 16:18:35.856183 INFO::Filtered feature names from variance filtering:
2025-06-14 16:18:35.857488 INFO::Running selected normalization method: TSS
2025-06-14 16:18:35.86021 INFO::Applying z-score to standardize continuous metadata
2025-06-14 16:18:35.866314 INFO::Running selected transform method: LOG
2025-06-14 16:18:35.869229 INFO::Running selected analysis method: LM
2025-06-14 16:18:35.871281 INFO::Fitting model to feature number 1, k__Bacteria.p__Bacillota.c__Bacilli.o__Lactobacillales.f__Lactobacillaceae.g__Ligilactobacillus
2025-06-14 16:18:35.875418 INFO::Fitting model to feature number 2, k__Bacteria.p__Bacteroidota.c__Bacteroidia.o__Bacteroidales.f__Muribaculaceae.g__
2025-06-14 16:18:35.881216 INFO::Fitting model to feature number 3, k__Bacteria.p__Bacillota.c__Bacilli.o__Lactobacillales.f__Lactobacillaceae.g__HT002
2025-06-14 16:18:35.885602 INFO::Fitting model to feature number 4, k__Bacteria.p__Bacillota.c__Bacilli.o__Lactobacillales.f__Lactobacillaceae.g__Lactobacillus
2025-06-14 16:18:35.88929 INFO::Fitting model to feature number 5, k__Bacteria.p__Bacillota.c__Bacilli.o__Erysipelotrichales.f__Erysipelotrichaceae.g__Turicibacter
2025-06-14 16:18:35.893562 INFO::Fitting model to feature number 6, k__Bacteria.p__Bacillota.c__Bacilli.o__Erysipelotrichales.f__Erysipelotrichaceae.g__Faecalibaculum
2025-06-14 16:18:35.897374 INFO::Fitting model to feature number 7, k__Bacteria.p__Thermodesulfobacteriota.c__Desulfovibrionia.o__Desulfovibrionales.f__Desulfovibrionaceae.g__Desulfovibrio
2025-06-14 16:18:35.901438 INFO::Fitting model to feature number 8, k__Bacteria.p__Bacteroidota.c__Bacteroidia.o__Bacteroidales.f__Bacteroidaceae.g__Bacteroides
2025-06-14 16:18:35.90657 INFO::Fitting model to feature number 9, k__Bacteria.p__Bacillota.c__Clostridia.o__Lachnospirales.f__Lachnospiraceae.g__Lachnospiraceae.NK4A136.group
2025-06-14 16:18:35.911206 INFO::Fitting model to feature number 10, k__Bacteria.p__Bacteroidota.c__Bacteroidia.o__Bacteroidales.f__Muribaculaceae.g__Muribaculum
2025-06-14 16:18:35.915992 INFO::Fitting model to feature number 11, k__Bacteria.p__Verrucomicrobiota.c__Verrucomicrobiia.o__Verrucomicrobiales.f__Akkermansiaceae.g__Akkermansia
2025-06-14 16:18:35.920263 INFO::Fitting model to feature number 12, k__Bacteria.p__Bacillota.c__Clostridia.o__Lachnospirales.f__Lachnospiraceae.g__Lachnospiraceae.UCG.006
2025-06-14 16:18:35.924165 INFO::Fitting model to feature number 13, k__Bacteria.p__Bacillota.c__Clostridia.o__Lachnospirales.f__Lachnospiraceae.g__Lachnoclostridium
2025-06-14 16:18:35.928366 INFO::Fitting model to feature number 14, k__Bacteria.p__Bacillota.c__Clostridia.o__Lachnospirales.f__Lachnospiraceae.g__
2025-06-14 16:18:35.932286 INFO::Fitting model to feature number 15, k__Bacteria.p__Bacteroidota.c__Bacteroidia.o__Bacteroidales.f__Rikenellaceae.g__Alistipes
2025-06-14 16:18:35.936307 INFO::Fitting model to feature number 16, k__Bacteria.p__Pseudomonadota.c__Gammaproteobacteria.o__Burkholderiales.f__Sutterellaceae.g__Turicimonas
2025-06-14 16:18:35.940144 INFO::Fitting model to feature number 17, k__Bacteria.p__Bacillota.c__Clostridia.o__Lachnospirales.f__Lachnospiraceae.g__Marvinbryantia
2025-06-14 16:18:35.944056 INFO::Fitting model to feature number 18, k__Bacteria.p__Bacillota.c__Clostridia.o__Lachnospirales.f__Lachnospiraceae.g__A2
2025-06-14 16:18:35.948215 INFO::Fitting model to feature number 19, k__Bacteria.p__Bacillota.c__Bacilli.o__Lactobacillales.f__Lactobacillaceae.g__Limosilactobacillus
2025-06-14 16:18:35.951928 INFO::Fitting model to feature number 20, k__Bacteria.p__Bacillota.c__Clostridia.o__Lachnospirales.f__Lachnospiraceae.g__Roseburia
2025-06-14 16:18:35.955951 INFO::Fitting model to feature number 21, k__Bacteria.p__Bacillota.c__Bacilli.o__Lactobacillales.f__Streptococcaceae.g__Streptococcus
2025-06-14 16:18:35.960187 INFO::Fitting model to feature number 22, k__Bacteria.p__Actinomycetota.c__Actinobacteria.o__Mycobacteriales.f__Corynebacteriaceae.g__Corynebacterium
2025-06-14 16:18:35.965603 INFO::Fitting model to feature number 23, k__Bacteria.p__Bacillota.c__Bacilli.o__Staphylococcales.f__Staphylococcaceae.g__Staphylococcus
2025-06-14 16:18:35.970505 INFO::Fitting model to feature number 24, k__Bacteria.p__Actinomycetota.c__Coriobacteriia.o__Coriobacteriales.f__Atopobiaceae.g__Coriobacteriaceae.UCG.002
2025-06-14 16:18:35.975066 INFO::Fitting model to feature number 25, k__Bacteria.p__Bacillota.c__Bacilli.o__Acholeplasmatales.f__Acholeplasmataceae.g__Anaeroplasma
2025-06-14 16:18:35.979906 INFO::Fitting model to feature number 26, k__Bacteria.p__Bacillota.c__Clostridia.o__Lachnospirales.f__Lachnospiraceae.g__Butyribacter
2025-06-14 16:18:35.984986 INFO::Fitting model to feature number 27, k__Bacteria.p__Bacteroidota.c__Bacteroidia.o__Bacteroidales.f__Tannerellaceae.g__Parabacteroides
2025-06-14 16:18:35.989141 INFO::Fitting model to feature number 28, k__Bacteria.p__Actinomycetota.c__Actinobacteria.o__Bifidobacteriales.f__Bifidobacteriaceae.g__Bifidobacterium
2025-06-14 16:18:35.993422 INFO::Fitting model to feature number 29, k__Bacteria.p__Bacillota.c__Clostridia.o__Oscillospirales.f__.Eubacterium..coprostanoligenes.group.g__
2025-06-14 16:18:35.997288 INFO::Fitting model to feature number 30, k__Bacteria.p__Bacillota.c__Clostridia.o__Clostridia.UCG.014.f__.g__
2025-06-14 16:18:36.001115 INFO::Fitting model to feature number 31, k__Bacteria.p__Bacillota.c__Clostridia.o__Lachnospirales.f__Lachnospiraceae.g__Enterocloster
2025-06-14 16:18:36.005307 INFO::Fitting model to feature number 32, k__Bacteria.p__Bacillota.c__Clostridia.o__Lachnospirales.f__Lachnospiraceae.g__ASF356
2025-06-14 16:18:36.009408 INFO::Fitting model to feature number 33, k__Bacteria.p__Bacillota.c__Clostridia.o__Clostridiales.f__Clostridiaceae.g__Candidatus.Arthromitus
2025-06-14 16:18:36.013996 INFO::Fitting model to feature number 34, k__Bacteria.p__Bacillota.c__Bacilli.o__Staphylococcales.f__Staphylococcaceae.g__Jeotgalicoccus
2025-06-14 16:18:36.018418 INFO::Fitting model to feature number 35, k__Bacteria.p__Bacillota.c__Clostridia.o__Lachnospirales.f__Lachnospiraceae.g__Faecalimonas
2025-06-14 16:18:36.022515 INFO::Fitting model to feature number 36, k__Bacteria.p__Bacteroidota.c__Bacteroidia.o__Bacteroidales.f__Rikenellaceae.g__Rikenella
2025-06-14 16:18:36.026678 INFO::Fitting model to feature number 37, k__Bacteria.p__Bacteroidota.c__Bacteroidia.o__Bacteroidales.f__Rikenellaceae.g__Rikenellaceae.RC9.gut.group
2025-06-14 16:18:36.032049 INFO::Fitting model to feature number 38, k__Bacteria.p__Thermodesulfobacteriota.c__Desulfovibrionia.o__Desulfovibrionales.f__Desulfovibrionaceae.g__Bilophila
2025-06-14 16:18:36.036873 INFO::Fitting model to feature number 39, k__Bacteria.p__Bacteroidota.c__Bacteroidia.o__Bacteroidales.f__Marinifilaceae.g__Odoribacter
2025-06-14 16:18:36.041587 INFO::Fitting model to feature number 40, k__Bacteria.p__Actinomycetota.c__Coriobacteriia.o__Coriobacteriales.f__Eggerthellaceae.g__Adlercreutzia
2025-06-14 16:18:36.046914 INFO::Fitting model to feature number 41, k__Bacteria.p__Bacillota.c__Clostridia.o__Oscillospirales.f__Oscillospiraceae.g__Oscillibacter
2025-06-14 16:18:36.050641 INFO::Fitting model to feature number 42, k__Bacteria.p__Pseudomonadota.c__Gammaproteobacteria.o__Enterobacterales.f__Enterobacteriaceae.g__Escherichia.Shigella
2025-06-14 16:18:36.05418 INFO::Fitting model to feature number 43, k__Bacteria.p__Bacillota.c__Bacilli.o__Erysipelotrichales.f__Erysipelatoclostridiaceae.g__Massiliomicrobiota
2025-06-14 16:18:36.058047 INFO::Fitting model to feature number 44, k__Bacteria.p__Bacillota.c__Bacilli.o__Lactobacillales.f__Aerococcaceae.g__Aerococcus
2025-06-14 16:18:36.062158 INFO::Fitting model to feature number 45, k__Bacteria.p__Bacillota.c__Clostridia.o__Clostridia.vadinBB60.group.f__.g__
2025-06-14 16:18:36.066609 INFO::Fitting model to feature number 46, k__Bacteria.p__Bacillota.c__Bacilli.o__Erysipelotrichales.f__Erysipelotrichaceae.g__Culicoidibacter
2025-06-14 16:18:36.070398 INFO::Fitting model to feature number 47, k__Bacteria.p__Bacillota.c__Bacilli.o__Lactobacillales.f__Enterococcaceae.g__Enterococcus
2025-06-14 16:18:36.074121 INFO::Fitting model to feature number 48, k__Bacteria.p__Actinomycetota.c__Coriobacteriia.o__Coriobacteriales.f__Eggerthellaceae.g__Gordonibacter
2025-06-14 16:18:36.078775 INFO::Fitting model to feature number 49, k__Bacteria.p__Actinomycetota.c__Coriobacteriia.o__Coriobacteriales.f__Coriobacteriales.Incertae.Sedis.g__
2025-06-14 16:18:36.095309 INFO::Counting total values for each feature
2025-06-14 16:18:36.105901 INFO::Writing filtered data to file /home/julianne/Documents/pdbehavior/results/ASO/differential_taxa/L6_Jejunum_Maaslin2_Sex_Genotype/features/filtered_data.tsv
2025-06-14 16:18:36.109845 INFO::Writing filtered, normalized data to file /home/julianne/Documents/pdbehavior/results/ASO/differential_taxa/L6_Jejunum_Maaslin2_Sex_Genotype/features/filtered_data_norm.tsv
2025-06-14 16:18:36.114929 INFO::Writing filtered, normalized, transformed data to file /home/julianne/Documents/pdbehavior/results/ASO/differential_taxa/L6_Jejunum_Maaslin2_Sex_Genotype/features/filtered_data_norm_transformed.tsv
2025-06-14 16:18:36.120704 INFO::Writing residuals to file /home/julianne/Documents/pdbehavior/results/ASO/differential_taxa/L6_Jejunum_Maaslin2_Sex_Genotype/fits/residuals.rds
2025-06-14 16:18:36.123006 INFO::Writing fitted values to file /home/julianne/Documents/pdbehavior/results/ASO/differential_taxa/L6_Jejunum_Maaslin2_Sex_Genotype/fits/fitted.rds
2025-06-14 16:18:36.125093 INFO::Writing all results to file (ordered by increasing q-values): /home/julianne/Documents/pdbehavior/results/ASO/differential_taxa/L6_Jejunum_Maaslin2_Sex_Genotype/all_results.tsv
2025-06-14 16:18:36.129745 INFO::Writing the significant results (those which are less than or equal to the threshold of 0.250000 ) to file (ordered by increasing q-values): /home/julianne/Documents/pdbehavior/results/ASO/differential_taxa/L6_Jejunum_Maaslin2_Sex_Genotype/significant_results.tsv
